This is pdfTeX, Version 3.14159265-2.6-1.40.18 (TeX Live 2017/W32TeX) (preloaded format=pdflatex 2018.3.4)  30 JUL 2020 13:44
entering extended mode
 restricted \write18 enabled.
 %&-line parsing enabled.
**./DeveloperManual.tex
(./DeveloperManual.tex
LaTeX2e <2017-04-15>
Babel <3.18> and hyphenation patterns for 84 language(s) loaded.
(c:/texlive/2017/texmf-dist/tex/latex/base/article.cls
Document Class: article 2014/09/29 v1.4h Standard LaTeX document class
(c:/texlive/2017/texmf-dist/tex/latex/base/size11.clo
File: size11.clo 2014/09/29 v1.4h Standard LaTeX file (size option)
)
\c@part=\count79
\c@section=\count80
\c@subsection=\count81
\c@subsubsection=\count82
\c@paragraph=\count83
\c@subparagraph=\count84
\c@figure=\count85
\c@table=\count86
\abovecaptionskip=\skip41
\belowcaptionskip=\skip42
\bibindent=\dimen102
)
(c:/texlive/2017/texmf-dist/tex/latex/base/fontenc.sty
Package: fontenc 2017/04/05 v2.0i Standard LaTeX package

(c:/texlive/2017/texmf-dist/tex/latex/base/t1enc.def
File: t1enc.def 2017/04/05 v2.0i Standard LaTeX file
LaTeX Font Info:    Redeclaring font encoding T1 on input line 48.
))
(c:/texlive/2017/texmf-dist/tex/latex/lm/lmodern.sty
Package: lmodern 2009/10/30 v1.6 Latin Modern Fonts
LaTeX Font Info:    Overwriting symbol font `operators' in version `normal'
(Font)                  OT1/cmr/m/n --> OT1/lmr/m/n on input line 22.
LaTeX Font Info:    Overwriting symbol font `letters' in version `normal'
(Font)                  OML/cmm/m/it --> OML/lmm/m/it on input line 23.
LaTeX Font Info:    Overwriting symbol font `symbols' in version `normal'
(Font)                  OMS/cmsy/m/n --> OMS/lmsy/m/n on input line 24.
LaTeX Font Info:    Overwriting symbol font `largesymbols' in version `normal'
(Font)                  OMX/cmex/m/n --> OMX/lmex/m/n on input line 25.
LaTeX Font Info:    Overwriting symbol font `operators' in version `bold'
(Font)                  OT1/cmr/bx/n --> OT1/lmr/bx/n on input line 26.
LaTeX Font Info:    Overwriting symbol font `letters' in version `bold'
(Font)                  OML/cmm/b/it --> OML/lmm/b/it on input line 27.
LaTeX Font Info:    Overwriting symbol font `symbols' in version `bold'
(Font)                  OMS/cmsy/b/n --> OMS/lmsy/b/n on input line 28.
LaTeX Font Info:    Overwriting symbol font `largesymbols' in version `bold'
(Font)                  OMX/cmex/m/n --> OMX/lmex/m/n on input line 29.
LaTeX Font Info:    Overwriting math alphabet `\mathbf' in version `normal'
(Font)                  OT1/cmr/bx/n --> OT1/lmr/bx/n on input line 31.
LaTeX Font Info:    Overwriting math alphabet `\mathsf' in version `normal'
(Font)                  OT1/cmss/m/n --> OT1/lmss/m/n on input line 32.
LaTeX Font Info:    Overwriting math alphabet `\mathit' in version `normal'
(Font)                  OT1/cmr/m/it --> OT1/lmr/m/it on input line 33.
LaTeX Font Info:    Overwriting math alphabet `\mathtt' in version `normal'
(Font)                  OT1/cmtt/m/n --> OT1/lmtt/m/n on input line 34.
LaTeX Font Info:    Overwriting math alphabet `\mathbf' in version `bold'
(Font)                  OT1/cmr/bx/n --> OT1/lmr/bx/n on input line 35.
LaTeX Font Info:    Overwriting math alphabet `\mathsf' in version `bold'
(Font)                  OT1/cmss/bx/n --> OT1/lmss/bx/n on input line 36.
LaTeX Font Info:    Overwriting math alphabet `\mathit' in version `bold'
(Font)                  OT1/cmr/bx/it --> OT1/lmr/bx/it on input line 37.
LaTeX Font Info:    Overwriting math alphabet `\mathtt' in version `bold'
(Font)                  OT1/cmtt/m/n --> OT1/lmtt/m/n on input line 38.
)
(c:/texlive/2017/texmf-dist/tex/latex/amsmath/amsmath.sty
Package: amsmath 2017/09/02 v2.17a AMS math features
\@mathmargin=\skip43

For additional information on amsmath, use the `?' option.
(c:/texlive/2017/texmf-dist/tex/latex/amsmath/amstext.sty
Package: amstext 2000/06/29 v2.01 AMS text

(c:/texlive/2017/texmf-dist/tex/latex/amsmath/amsgen.sty
File: amsgen.sty 1999/11/30 v2.0 generic functions
\@emptytoks=\toks14
\ex@=\dimen103
))
(c:/texlive/2017/texmf-dist/tex/latex/amsmath/amsbsy.sty
Package: amsbsy 1999/11/29 v1.2d Bold Symbols
\pmbraise@=\dimen104
)
(c:/texlive/2017/texmf-dist/tex/latex/amsmath/amsopn.sty
Package: amsopn 2016/03/08 v2.02 operator names
)
\inf@bad=\count87
LaTeX Info: Redefining \frac on input line 213.
\uproot@=\count88
\leftroot@=\count89
LaTeX Info: Redefining \overline on input line 375.
\classnum@=\count90
\DOTSCASE@=\count91
LaTeX Info: Redefining \ldots on input line 472.
LaTeX Info: Redefining \dots on input line 475.
LaTeX Info: Redefining \cdots on input line 596.
\Mathstrutbox@=\box26
\strutbox@=\box27
\big@size=\dimen105
LaTeX Font Info:    Redeclaring font encoding OML on input line 712.
LaTeX Font Info:    Redeclaring font encoding OMS on input line 713.
\macc@depth=\count92
\c@MaxMatrixCols=\count93
\dotsspace@=\muskip10
\c@parentequation=\count94
\dspbrk@lvl=\count95
\tag@help=\toks15
\row@=\count96
\column@=\count97
\maxfields@=\count98
\andhelp@=\toks16
\eqnshift@=\dimen106
\alignsep@=\dimen107
\tagshift@=\dimen108
\tagwidth@=\dimen109
\totwidth@=\dimen110
\lineht@=\dimen111
\@envbody=\toks17
\multlinegap=\skip44
\multlinetaggap=\skip45
\mathdisplay@stack=\toks18
LaTeX Info: Redefining \[ on input line 2817.
LaTeX Info: Redefining \] on input line 2818.
)
(c:/texlive/2017/texmf-dist/tex/latex/jknapltx/mathrsfs.sty
Package: mathrsfs 1996/01/01 Math RSFS package v1.0 (jk)
\symrsfs=\mathgroup4
)
(c:/texlive/2017/texmf-dist/tex/latex/amsfonts/amssymb.sty
Package: amssymb 2013/01/14 v3.01 AMS font symbols

(c:/texlive/2017/texmf-dist/tex/latex/amsfonts/amsfonts.sty
Package: amsfonts 2013/01/14 v3.01 Basic AMSFonts support
\symAMSa=\mathgroup5
\symAMSb=\mathgroup6
LaTeX Font Info:    Overwriting math alphabet `\mathfrak' in version `bold'
(Font)                  U/euf/m/n --> U/euf/b/n on input line 106.
))
(c:/texlive/2017/texmf-dist/tex/latex/a4wide/a4wide.sty
Package: a4wide 1994/08/30

(c:/texlive/2017/texmf-dist/tex/latex/ntgclass/a4.sty
Package: a4 2004/04/15 v1.2g A4 based page layout
))
(c:/texlive/2017/texmf-dist/tex/latex/graphics/color.sty
Package: color 2016/07/10 v1.1e Standard LaTeX Color (DPC)

(c:/texlive/2017/texmf-dist/tex/latex/graphics-cfg/color.cfg
File: color.cfg 2016/01/02 v1.6 sample color configuration
)
Package color Info: Driver file: pdftex.def on input line 147.

(c:/texlive/2017/texmf-dist/tex/latex/graphics-def/pdftex.def
File: pdftex.def 2018/01/08 v1.0l Graphics/color driver for pdftex
))
(c:/texlive/2017/texmf-dist/tex/latex/tools/verbatim.sty
Package: verbatim 2014/10/28 v1.5q LaTeX2e package for verbatim enhancements
\every@verbatim=\toks19
\verbatim@line=\toks20
\verbatim@in@stream=\read1
)
(c:/texlive/2017/texmf-dist/tex/latex/hyperref/hyperref.sty
Package: hyperref 2018/02/06 v6.86b Hypertext links for LaTeX

(c:/texlive/2017/texmf-dist/tex/generic/oberdiek/hobsub-hyperref.sty
Package: hobsub-hyperref 2016/05/16 v1.14 Bundle oberdiek, subset hyperref (HO)


(c:/texlive/2017/texmf-dist/tex/generic/oberdiek/hobsub-generic.sty
Package: hobsub-generic 2016/05/16 v1.14 Bundle oberdiek, subset generic (HO)
Package: hobsub 2016/05/16 v1.14 Construct package bundles (HO)
Package: infwarerr 2016/05/16 v1.4 Providing info/warning/error messages (HO)
Package: ltxcmds 2016/05/16 v1.23 LaTeX kernel commands for general use (HO)
Package: ifluatex 2016/05/16 v1.4 Provides the ifluatex switch (HO)
Package ifluatex Info: LuaTeX not detected.
Package: ifvtex 2016/05/16 v1.6 Detect VTeX and its facilities (HO)
Package ifvtex Info: VTeX not detected.
Package: intcalc 2016/05/16 v1.2 Expandable calculations with integers (HO)
Package: ifpdf 2017/03/15 v3.2 Provides the ifpdf switch
Package: etexcmds 2016/05/16 v1.6 Avoid name clashes with e-TeX commands (HO)
Package etexcmds Info: Could not find \expanded.
(etexcmds)             That can mean that you are not using pdfTeX 1.50 or
(etexcmds)             that some package has redefined \expanded.
(etexcmds)             In the latter case, load this package earlier.
Package: kvsetkeys 2016/05/16 v1.17 Key value parser (HO)
Package: kvdefinekeys 2016/05/16 v1.4 Define keys (HO)
Package: pdftexcmds 2018/01/21 v0.26 Utility functions of pdfTeX for LuaTeX (HO
)
Package pdftexcmds Info: LuaTeX not detected.
Package pdftexcmds Info: \pdf@primitive is available.
Package pdftexcmds Info: \pdf@ifprimitive is available.
Package pdftexcmds Info: \pdfdraftmode found.
Package: pdfescape 2016/05/16 v1.14 Implements pdfTeX's escape features (HO)
Package: bigintcalc 2016/05/16 v1.4 Expandable calculations on big integers (HO
)
Package: bitset 2016/05/16 v1.2 Handle bit-vector datatype (HO)
Package: uniquecounter 2016/05/16 v1.3 Provide unlimited unique counter (HO)
)
Package hobsub Info: Skipping package `hobsub' (already loaded).
Package: letltxmacro 2016/05/16 v1.5 Let assignment for LaTeX macros (HO)
Package: hopatch 2016/05/16 v1.3 Wrapper for package hooks (HO)
Package: xcolor-patch 2016/05/16 xcolor patch
Package: atveryend 2016/05/16 v1.9 Hooks at the very end of document (HO)
Package atveryend Info: \enddocument detected (standard20110627).
Package: atbegshi 2016/06/09 v1.18 At begin shipout hook (HO)
Package: refcount 2016/05/16 v3.5 Data extraction from label references (HO)
Package: hycolor 2016/05/16 v1.8 Color options for hyperref/bookmark (HO)
)
(c:/texlive/2017/texmf-dist/tex/latex/graphics/keyval.sty
Package: keyval 2014/10/28 v1.15 key=value parser (DPC)
\KV@toks@=\toks21
)
(c:/texlive/2017/texmf-dist/tex/generic/ifxetex/ifxetex.sty
Package: ifxetex 2010/09/12 v0.6 Provides ifxetex conditional
)
(c:/texlive/2017/texmf-dist/tex/latex/oberdiek/auxhook.sty
Package: auxhook 2016/05/16 v1.4 Hooks for auxiliary files (HO)
)
(c:/texlive/2017/texmf-dist/tex/latex/oberdiek/kvoptions.sty
Package: kvoptions 2016/05/16 v3.12 Key value format for package options (HO)
)
\@linkdim=\dimen112
\Hy@linkcounter=\count99
\Hy@pagecounter=\count100

(c:/texlive/2017/texmf-dist/tex/latex/hyperref/pd1enc.def
File: pd1enc.def 2018/02/06 v6.86b Hyperref: PDFDocEncoding definition (HO)
)
\Hy@SavedSpaceFactor=\count101

(c:/texlive/2017/texmf-dist/tex/latex/latexconfig/hyperref.cfg
File: hyperref.cfg 2002/06/06 v1.2 hyperref configuration of TeXLive
)
Package hyperref Info: Hyper figures OFF on input line 4509.
Package hyperref Info: Link nesting OFF on input line 4514.
Package hyperref Info: Hyper index ON on input line 4517.
Package hyperref Info: Plain pages OFF on input line 4524.
Package hyperref Info: Backreferencing OFF on input line 4529.
Package hyperref Info: Implicit mode ON; LaTeX internals redefined.
Package hyperref Info: Bookmarks ON on input line 4762.
\c@Hy@tempcnt=\count102

(c:/texlive/2017/texmf-dist/tex/latex/url/url.sty
\Urlmuskip=\muskip11
Package: url 2013/09/16  ver 3.4  Verb mode for urls, etc.
)
LaTeX Info: Redefining \url on input line 5115.
\XeTeXLinkMargin=\dimen113
\Fld@menulength=\count103
\Field@Width=\dimen114
\Fld@charsize=\dimen115
Package hyperref Info: Hyper figures OFF on input line 6369.
Package hyperref Info: Link nesting OFF on input line 6374.
Package hyperref Info: Hyper index ON on input line 6377.
Package hyperref Info: backreferencing OFF on input line 6384.
Package hyperref Info: Link coloring OFF on input line 6389.
Package hyperref Info: Link coloring with OCG OFF on input line 6394.
Package hyperref Info: PDF/A mode OFF on input line 6399.
LaTeX Info: Redefining \ref on input line 6439.
LaTeX Info: Redefining \pageref on input line 6443.
\Hy@abspage=\count104
\c@Item=\count105
\c@Hfootnote=\count106
)
Package hyperref Info: Driver (autodetected): hpdftex.

(c:/texlive/2017/texmf-dist/tex/latex/hyperref/hpdftex.def
File: hpdftex.def 2018/02/06 v6.86b Hyperref driver for pdfTeX
\Fld@listcount=\count107
\c@bookmark@seq@number=\count108

(c:/texlive/2017/texmf-dist/tex/latex/oberdiek/rerunfilecheck.sty
Package: rerunfilecheck 2016/05/16 v1.8 Rerun checks for auxiliary files (HO)
Package uniquecounter Info: New unique counter `rerunfilecheck' on input line 2
82.
)
\Hy@SectionHShift=\skip46
)
(c:/texlive/2017/texmf-dist/tex/latex/pgf/frontendlayer/tikz.sty
(c:/texlive/2017/texmf-dist/tex/latex/pgf/basiclayer/pgf.sty
(c:/texlive/2017/texmf-dist/tex/latex/pgf/utilities/pgfrcs.sty
(c:/texlive/2017/texmf-dist/tex/generic/pgf/utilities/pgfutil-common.tex
\pgfutil@everybye=\toks22
\pgfutil@tempdima=\dimen116
\pgfutil@tempdimb=\dimen117

(c:/texlive/2017/texmf-dist/tex/generic/pgf/utilities/pgfutil-common-lists.tex)
) (c:/texlive/2017/texmf-dist/tex/generic/pgf/utilities/pgfutil-latex.def
\pgfutil@abb=\box28

(c:/texlive/2017/texmf-dist/tex/latex/ms/everyshi.sty
Package: everyshi 2001/05/15 v3.00 EveryShipout Package (MS)
))
(c:/texlive/2017/texmf-dist/tex/generic/pgf/utilities/pgfrcs.code.tex
Package: pgfrcs 2015/08/07 v3.0.1a (rcs-revision 1.31)
))
Package: pgf 2015/08/07 v3.0.1a (rcs-revision 1.15)

(c:/texlive/2017/texmf-dist/tex/latex/pgf/basiclayer/pgfcore.sty
(c:/texlive/2017/texmf-dist/tex/latex/graphics/graphicx.sty
Package: graphicx 2017/06/01 v1.1a Enhanced LaTeX Graphics (DPC,SPQR)

(c:/texlive/2017/texmf-dist/tex/latex/graphics/graphics.sty
Package: graphics 2017/06/25 v1.2c Standard LaTeX Graphics (DPC,SPQR)

(c:/texlive/2017/texmf-dist/tex/latex/graphics/trig.sty
Package: trig 2016/01/03 v1.10 sin cos tan (DPC)
)
(c:/texlive/2017/texmf-dist/tex/latex/graphics-cfg/graphics.cfg
File: graphics.cfg 2016/06/04 v1.11 sample graphics configuration
)
Package graphics Info: Driver file: pdftex.def on input line 99.
)
\Gin@req@height=\dimen118
\Gin@req@width=\dimen119
)
(c:/texlive/2017/texmf-dist/tex/latex/pgf/systemlayer/pgfsys.sty
(c:/texlive/2017/texmf-dist/tex/generic/pgf/systemlayer/pgfsys.code.tex
Package: pgfsys 2014/07/09 v3.0.1a (rcs-revision 1.48)

(c:/texlive/2017/texmf-dist/tex/generic/pgf/utilities/pgfkeys.code.tex
\pgfkeys@pathtoks=\toks23
\pgfkeys@temptoks=\toks24

(c:/texlive/2017/texmf-dist/tex/generic/pgf/utilities/pgfkeysfiltered.code.tex
\pgfkeys@tmptoks=\toks25
))
\pgf@x=\dimen120
\pgf@y=\dimen121
\pgf@xa=\dimen122
\pgf@ya=\dimen123
\pgf@xb=\dimen124
\pgf@yb=\dimen125
\pgf@xc=\dimen126
\pgf@yc=\dimen127
\w@pgf@writea=\write3
\r@pgf@reada=\read2
\c@pgf@counta=\count109
\c@pgf@countb=\count110
\c@pgf@countc=\count111
\c@pgf@countd=\count112
\t@pgf@toka=\toks26
\t@pgf@tokb=\toks27
\t@pgf@tokc=\toks28
 (c:/texlive/2017/texmf-dist/tex/generic/pgf/systemlayer/pgf.cfg
File: pgf.cfg 2008/05/14  (rcs-revision 1.7)
)
Driver file for pgf: pgfsys-pdftex.def

(c:/texlive/2017/texmf-dist/tex/generic/pgf/systemlayer/pgfsys-pdftex.def
File: pgfsys-pdftex.def 2014/10/11  (rcs-revision 1.35)

(c:/texlive/2017/texmf-dist/tex/generic/pgf/systemlayer/pgfsys-common-pdf.def
File: pgfsys-common-pdf.def 2013/10/10  (rcs-revision 1.13)
)))
(c:/texlive/2017/texmf-dist/tex/generic/pgf/systemlayer/pgfsyssoftpath.code.tex
File: pgfsyssoftpath.code.tex 2013/09/09  (rcs-revision 1.9)
\pgfsyssoftpath@smallbuffer@items=\count113
\pgfsyssoftpath@bigbuffer@items=\count114
)
(c:/texlive/2017/texmf-dist/tex/generic/pgf/systemlayer/pgfsysprotocol.code.tex
File: pgfsysprotocol.code.tex 2006/10/16  (rcs-revision 1.4)
)) (c:/texlive/2017/texmf-dist/tex/latex/xcolor/xcolor.sty
Package: xcolor 2016/05/11 v2.12 LaTeX color extensions (UK)

(c:/texlive/2017/texmf-dist/tex/latex/graphics-cfg/color.cfg
File: color.cfg 2016/01/02 v1.6 sample color configuration
)
Package xcolor Info: Driver file: pdftex.def on input line 225.
LaTeX Info: Redefining \color on input line 709.
Package xcolor Info: Model `cmy' substituted by `cmy0' on input line 1348.
Package xcolor Info: Model `hsb' substituted by `rgb' on input line 1352.
Package xcolor Info: Model `RGB' extended on input line 1364.
Package xcolor Info: Model `HTML' substituted by `rgb' on input line 1366.
Package xcolor Info: Model `Hsb' substituted by `hsb' on input line 1367.
Package xcolor Info: Model `tHsb' substituted by `hsb' on input line 1368.
Package xcolor Info: Model `HSB' substituted by `hsb' on input line 1369.
Package xcolor Info: Model `Gray' substituted by `gray' on input line 1370.
Package xcolor Info: Model `wave' substituted by `hsb' on input line 1371.
)
(c:/texlive/2017/texmf-dist/tex/generic/pgf/basiclayer/pgfcore.code.tex
Package: pgfcore 2010/04/11 v3.0.1a (rcs-revision 1.7)

(c:/texlive/2017/texmf-dist/tex/generic/pgf/math/pgfmath.code.tex
(c:/texlive/2017/texmf-dist/tex/generic/pgf/math/pgfmathcalc.code.tex
(c:/texlive/2017/texmf-dist/tex/generic/pgf/math/pgfmathutil.code.tex)
(c:/texlive/2017/texmf-dist/tex/generic/pgf/math/pgfmathparser.code.tex
\pgfmath@dimen=\dimen128
\pgfmath@count=\count115
\pgfmath@box=\box29
\pgfmath@toks=\toks29
\pgfmath@stack@operand=\toks30
\pgfmath@stack@operation=\toks31
)
(c:/texlive/2017/texmf-dist/tex/generic/pgf/math/pgfmathfunctions.code.tex
(c:/texlive/2017/texmf-dist/tex/generic/pgf/math/pgfmathfunctions.basic.code.te
x)
(c:/texlive/2017/texmf-dist/tex/generic/pgf/math/pgfmathfunctions.trigonometric
.code.tex)
(c:/texlive/2017/texmf-dist/tex/generic/pgf/math/pgfmathfunctions.random.code.t
ex)
(c:/texlive/2017/texmf-dist/tex/generic/pgf/math/pgfmathfunctions.comparison.co
de.tex)
(c:/texlive/2017/texmf-dist/tex/generic/pgf/math/pgfmathfunctions.base.code.tex
)
(c:/texlive/2017/texmf-dist/tex/generic/pgf/math/pgfmathfunctions.round.code.te
x)
(c:/texlive/2017/texmf-dist/tex/generic/pgf/math/pgfmathfunctions.misc.code.tex
)
(c:/texlive/2017/texmf-dist/tex/generic/pgf/math/pgfmathfunctions.integerarithm
etics.code.tex)))
(c:/texlive/2017/texmf-dist/tex/generic/pgf/math/pgfmathfloat.code.tex
\c@pgfmathroundto@lastzeros=\count116
))
(c:/texlive/2017/texmf-dist/tex/generic/pgf/basiclayer/pgfcorepoints.code.tex
File: pgfcorepoints.code.tex 2013/10/07  (rcs-revision 1.27)
\pgf@picminx=\dimen129
\pgf@picmaxx=\dimen130
\pgf@picminy=\dimen131
\pgf@picmaxy=\dimen132
\pgf@pathminx=\dimen133
\pgf@pathmaxx=\dimen134
\pgf@pathminy=\dimen135
\pgf@pathmaxy=\dimen136
\pgf@xx=\dimen137
\pgf@xy=\dimen138
\pgf@yx=\dimen139
\pgf@yy=\dimen140
\pgf@zx=\dimen141
\pgf@zy=\dimen142
)
(c:/texlive/2017/texmf-dist/tex/generic/pgf/basiclayer/pgfcorepathconstruct.cod
e.tex
File: pgfcorepathconstruct.code.tex 2013/10/07  (rcs-revision 1.29)
\pgf@path@lastx=\dimen143
\pgf@path@lasty=\dimen144
)
(c:/texlive/2017/texmf-dist/tex/generic/pgf/basiclayer/pgfcorepathusage.code.te
x
File: pgfcorepathusage.code.tex 2014/11/02  (rcs-revision 1.24)
\pgf@shorten@end@additional=\dimen145
\pgf@shorten@start@additional=\dimen146
)
(c:/texlive/2017/texmf-dist/tex/generic/pgf/basiclayer/pgfcorescopes.code.tex
File: pgfcorescopes.code.tex 2015/05/08  (rcs-revision 1.46)
\pgfpic=\box30
\pgf@hbox=\box31
\pgf@layerbox@main=\box32
\pgf@picture@serial@count=\count117
)
(c:/texlive/2017/texmf-dist/tex/generic/pgf/basiclayer/pgfcoregraphicstate.code
.tex
File: pgfcoregraphicstate.code.tex 2014/11/02  (rcs-revision 1.12)
\pgflinewidth=\dimen147
)
(c:/texlive/2017/texmf-dist/tex/generic/pgf/basiclayer/pgfcoretransformations.c
ode.tex
File: pgfcoretransformations.code.tex 2015/08/07  (rcs-revision 1.20)
\pgf@pt@x=\dimen148
\pgf@pt@y=\dimen149
\pgf@pt@temp=\dimen150
)
(c:/texlive/2017/texmf-dist/tex/generic/pgf/basiclayer/pgfcorequick.code.tex
File: pgfcorequick.code.tex 2008/10/09  (rcs-revision 1.3)
)
(c:/texlive/2017/texmf-dist/tex/generic/pgf/basiclayer/pgfcoreobjects.code.tex
File: pgfcoreobjects.code.tex 2006/10/11  (rcs-revision 1.2)
)
(c:/texlive/2017/texmf-dist/tex/generic/pgf/basiclayer/pgfcorepathprocessing.co
de.tex
File: pgfcorepathprocessing.code.tex 2013/09/09  (rcs-revision 1.9)
)
(c:/texlive/2017/texmf-dist/tex/generic/pgf/basiclayer/pgfcorearrows.code.tex
File: pgfcorearrows.code.tex 2015/05/14  (rcs-revision 1.43)
\pgfarrowsep=\dimen151
)
(c:/texlive/2017/texmf-dist/tex/generic/pgf/basiclayer/pgfcoreshade.code.tex
File: pgfcoreshade.code.tex 2013/07/15  (rcs-revision 1.15)
\pgf@max=\dimen152
\pgf@sys@shading@range@num=\count118
)
(c:/texlive/2017/texmf-dist/tex/generic/pgf/basiclayer/pgfcoreimage.code.tex
File: pgfcoreimage.code.tex 2013/07/15  (rcs-revision 1.18)

(c:/texlive/2017/texmf-dist/tex/generic/pgf/basiclayer/pgfcoreexternal.code.tex
File: pgfcoreexternal.code.tex 2014/07/09  (rcs-revision 1.21)
\pgfexternal@startupbox=\box33
))
(c:/texlive/2017/texmf-dist/tex/generic/pgf/basiclayer/pgfcorelayers.code.tex
File: pgfcorelayers.code.tex 2013/07/18  (rcs-revision 1.7)
)
(c:/texlive/2017/texmf-dist/tex/generic/pgf/basiclayer/pgfcoretransparency.code
.tex
File: pgfcoretransparency.code.tex 2013/09/30  (rcs-revision 1.5)
)
(c:/texlive/2017/texmf-dist/tex/generic/pgf/basiclayer/pgfcorepatterns.code.tex
File: pgfcorepatterns.code.tex 2013/11/07  (rcs-revision 1.5)
)))
(c:/texlive/2017/texmf-dist/tex/generic/pgf/modules/pgfmoduleshapes.code.tex
File: pgfmoduleshapes.code.tex 2014/03/21  (rcs-revision 1.35)
\pgfnodeparttextbox=\box34
)
(c:/texlive/2017/texmf-dist/tex/generic/pgf/modules/pgfmoduleplot.code.tex
File: pgfmoduleplot.code.tex 2015/08/03  (rcs-revision 1.13)
)
(c:/texlive/2017/texmf-dist/tex/latex/pgf/compatibility/pgfcomp-version-0-65.st
y
Package: pgfcomp-version-0-65 2007/07/03 v3.0.1a (rcs-revision 1.7)
\pgf@nodesepstart=\dimen153
\pgf@nodesepend=\dimen154
)
(c:/texlive/2017/texmf-dist/tex/latex/pgf/compatibility/pgfcomp-version-1-18.st
y
Package: pgfcomp-version-1-18 2007/07/23 v3.0.1a (rcs-revision 1.1)
)) (c:/texlive/2017/texmf-dist/tex/latex/pgf/utilities/pgffor.sty
(c:/texlive/2017/texmf-dist/tex/latex/pgf/utilities/pgfkeys.sty
(c:/texlive/2017/texmf-dist/tex/generic/pgf/utilities/pgfkeys.code.tex))
(c:/texlive/2017/texmf-dist/tex/latex/pgf/math/pgfmath.sty
(c:/texlive/2017/texmf-dist/tex/generic/pgf/math/pgfmath.code.tex))
(c:/texlive/2017/texmf-dist/tex/generic/pgf/utilities/pgffor.code.tex
Package: pgffor 2013/12/13 v3.0.1a (rcs-revision 1.25)

(c:/texlive/2017/texmf-dist/tex/generic/pgf/math/pgfmath.code.tex)
\pgffor@iter=\dimen155
\pgffor@skip=\dimen156
\pgffor@stack=\toks32
\pgffor@toks=\toks33
))
(c:/texlive/2017/texmf-dist/tex/generic/pgf/frontendlayer/tikz/tikz.code.tex
Package: tikz 2015/08/07 v3.0.1a (rcs-revision 1.151)

(c:/texlive/2017/texmf-dist/tex/generic/pgf/libraries/pgflibraryplothandlers.co
de.tex
File: pgflibraryplothandlers.code.tex 2013/08/31 v3.0.1a (rcs-revision 1.20)
\pgf@plot@mark@count=\count119
\pgfplotmarksize=\dimen157
)
\tikz@lastx=\dimen158
\tikz@lasty=\dimen159
\tikz@lastxsaved=\dimen160
\tikz@lastysaved=\dimen161
\tikzleveldistance=\dimen162
\tikzsiblingdistance=\dimen163
\tikz@figbox=\box35
\tikz@figbox@bg=\box36
\tikz@tempbox=\box37
\tikz@tempbox@bg=\box38
\tikztreelevel=\count120
\tikznumberofchildren=\count121
\tikznumberofcurrentchild=\count122
\tikz@fig@count=\count123

(c:/texlive/2017/texmf-dist/tex/generic/pgf/modules/pgfmodulematrix.code.tex
File: pgfmodulematrix.code.tex 2013/09/17  (rcs-revision 1.8)
\pgfmatrixcurrentrow=\count124
\pgfmatrixcurrentcolumn=\count125
\pgf@matrix@numberofcolumns=\count126
)
\tikz@expandcount=\count127

(c:/texlive/2017/texmf-dist/tex/generic/pgf/frontendlayer/tikz/libraries/tikzli
brarytopaths.code.tex
File: tikzlibrarytopaths.code.tex 2008/06/17 v3.0.1a (rcs-revision 1.2)
)))
(c:/texlive/2017/texmf-dist/tex/generic/pgf/libraries/pgflibraryarrows.meta.cod
e.tex
File: pgflibraryarrows.meta.code.tex 2015/05/13 v3.0.1a (rcs-revision 1.13)
\pgfarrowinset=\dimen164
\pgfarrowlength=\dimen165
\pgfarrowwidth=\dimen166
\pgfarrowlinewidth=\dimen167
)
(c:/texlive/2017/texmf-dist/tex/generic/pgf/frontendlayer/tikz/libraries/tikzli
brarypositioning.code.tex
File: tikzlibrarypositioning.code.tex 2008/10/06 v3.0.1a (rcs-revision 1.7)
)
(c:/texlive/2017/texmf-dist/tex/generic/pgf/frontendlayer/tikz/libraries/tikzli
brarycalc.code.tex
File: tikzlibrarycalc.code.tex 2013/07/15 v3.0.1a (rcs-revision 1.9)
) (c:/texlive/2017/texmf-dist/tex/latex/makecell/makecell.sty
Package: makecell 2009/08/03 V0.1e Managing of Tab Column Heads and Cells
(c:/texlive/2017/texmf-dist/tex/latex/tools/array.sty
Package: array 2016/10/06 v2.4d Tabular extension package (FMi)
\col@sep=\dimen168
\extrarowheight=\dimen169
\NC@list=\toks34
\extratabsurround=\skip47
\backup@length=\skip48
)
\rotheadsize=\dimen170
\c@nlinenum=\count128
\TeXr@lab=\toks35
)
(c:/texlive/2017/texmf-dist/tex/latex/contour/contour.sty
Package: contour 2004/11/18 v2.14 Print contoured text (HH, MH)
\con@length=\skip49

Loading configuration file `contour.cfg'.
(c:/texlive/2017/texmf-dist/tex/latex/contour/contour.cfg
File: contour.cfg 2004/11/18 v2.14 Print contoured text (HH, MH)
)
contour: Using driver file `pdftex.cnt'.
(c:/texlive/2017/texmf-dist/tex/latex/contour/pdftex.cnt
File: pdftex.cnt 2004/11/18 v2.14 Print contoured text (HH, MH)
))
(c:/texlive/2017/texmf-dist/tex/generic/ulem/ulem.sty
\UL@box=\box39
\UL@hyphenbox=\box40
\UL@skip=\skip50
\UL@hook=\toks36
\UL@height=\dimen171
\UL@pe=\count129
\UL@pixel=\dimen172
\ULC@box=\box41
Package: ulem 2012/05/18
\ULdepth=\dimen173
)
(c:/texlive/2017/texmf-dist/tex/latex/enumitem/enumitem.sty
Package: enumitem 2011/09/28 v3.5.2 Customized lists
\labelindent=\skip51
\enit@outerparindent=\dimen174
\enit@toks=\toks37
\enit@inbox=\box42
\enitdp@description=\count130
)
(c:/texlive/2017/texmf-dist/tex/latex/tools/bm.sty
Package: bm 2017/01/16 v1.2c Bold Symbol Support (DPC/FMi)
\symboldoperators=\mathgroup7
\symboldletters=\mathgroup8
\symboldsymbols=\mathgroup9
LaTeX Font Info:    Redeclaring math alphabet \mathbf on input line 141.
LaTeX Info: Redefining \bm on input line 207.
)
(c:/texlive/2017/texmf-dist/tex/latex/mathtools/mathtools.sty
Package: mathtools 2018/01/08 v1.21 mathematical typesetting tools

(c:/texlive/2017/texmf-dist/tex/latex/tools/calc.sty
Package: calc 2014/10/28 v4.3 Infix arithmetic (KKT,FJ)
\calc@Acount=\count131
\calc@Bcount=\count132
\calc@Adimen=\dimen175
\calc@Bdimen=\dimen176
\calc@Askip=\skip52
\calc@Bskip=\skip53
LaTeX Info: Redefining \setlength on input line 80.
LaTeX Info: Redefining \addtolength on input line 81.
\calc@Ccount=\count133
\calc@Cskip=\skip54
)
(c:/texlive/2017/texmf-dist/tex/latex/mathtools/mhsetup.sty
Package: mhsetup 2017/03/31 v1.3 programming setup (MH)
)
LaTeX Info: Thecontrolsequence`\('isalreadyrobust on input line 129.
LaTeX Info: Thecontrolsequence`\)'isalreadyrobust on input line 129.
LaTeX Info: Thecontrolsequence`\['isalreadyrobust on input line 129.
LaTeX Info: Thecontrolsequence`\]'isalreadyrobust on input line 129.
\g_MT_multlinerow_int=\count134
\l_MT_multwidth_dim=\dimen177
\origjot=\skip55
\l_MT_shortvdotswithinadjustabove_dim=\dimen178
\l_MT_shortvdotswithinadjustbelow_dim=\dimen179
\l_MT_above_intertext_sep=\dimen180
\l_MT_below_intertext_sep=\dimen181
\l_MT_above_shortintertext_sep=\dimen182
\l_MT_below_shortintertext_sep=\dimen183
)
(c:/texlive/2017/texmf-dist/tex/latex/amscls/amsthm.sty
Package: amsthm 2017/10/31 v2.20.4
\thm@style=\toks38
\thm@bodyfont=\toks39
\thm@headfont=\toks40
\thm@notefont=\toks41
\thm@headpunct=\toks42
\thm@preskip=\skip56
\thm@postskip=\skip57
\thm@headsep=\skip58
\dth@everypar=\toks43
)
(c:/texlive/2017/texmf-dist/tex/latex/algorithm2e/algorithm2e.sty
Package: algorithm2e 2017/07/18 v5.2 algorithms environments
\c@AlgoLine=\count135

(c:/texlive/2017/texmf-dist/tex/latex/base/ifthen.sty
Package: ifthen 2014/09/29 v1.1c Standard LaTeX ifthen package (DPC)
)
\algocf@hangindent=\skip59

(c:/texlive/2017/texmf-dist/tex/latex/ifoddpage/ifoddpage.sty
Package: ifoddpage 2016/04/23 v1.1 Conditionals for odd/even page detection
\c@checkoddpage=\count136
)
(c:/texlive/2017/texmf-dist/tex/latex/tools/xspace.sty
Package: xspace 2014/10/28 v1.13 Space after command names (DPC,MH)
)
(c:/texlive/2017/texmf-dist/tex/latex/relsize/relsize.sty
Package: relsize 2013/03/29 ver 4.1
)
\skiptotal=\skip60
\skiplinenumber=\skip61
\skiprule=\skip62
\skiphlne=\skip63
\skiptext=\skip64
\skiplength=\skip65
\algomargin=\skip66
\skipalgocfslide=\skip67
\algowidth=\dimen184
\inoutsize=\dimen185
\inoutindent=\dimen186
\interspacetitleruled=\dimen187
\interspacealgoruled=\dimen188
\interspacetitleboxruled=\dimen189
\algocf@ruledwidth=\skip68
\algocf@inoutbox=\box43
\algocf@inputbox=\box44
\AlCapSkip=\skip69
\AlCapHSkip=\skip70
\algoskipindent=\skip71
\algocf@nlbox=\box45
\algocf@hangingbox=\box46
\algocf@untilbox=\box47
\algocf@skipuntil=\skip72
\algocf@capbox=\box48
\algocf@lcaptionbox=\skip73
\algoheightruledefault=\skip74
\algoheightrule=\skip75
\algotitleheightruledefault=\skip76
\algotitleheightrule=\skip77
\c@algocfline=\count137
\c@algocfproc=\count138
\c@algocf=\count139
\algocf@algoframe=\box49
\algocf@algobox=\box50
)
\c@defn=\count140

(./DeveloperManual.aux

LaTeX Warning: Label `addchild' multiply defined.

)
\openout1 = `DeveloperManual.aux'.

LaTeX Font Info:    Checking defaults for OML/cmm/m/it on input line 73.
LaTeX Font Info:    ... okay on input line 73.
LaTeX Font Info:    Checking defaults for T1/cmr/m/n on input line 73.
LaTeX Font Info:    ... okay on input line 73.
LaTeX Font Info:    Checking defaults for OT1/cmr/m/n on input line 73.
LaTeX Font Info:    ... okay on input line 73.
LaTeX Font Info:    Checking defaults for OMS/cmsy/m/n on input line 73.
LaTeX Font Info:    ... okay on input line 73.
LaTeX Font Info:    Checking defaults for OMX/cmex/m/n on input line 73.
LaTeX Font Info:    ... okay on input line 73.
LaTeX Font Info:    Checking defaults for U/cmr/m/n on input line 73.
LaTeX Font Info:    ... okay on input line 73.
LaTeX Font Info:    Checking defaults for PD1/pdf/m/n on input line 73.
LaTeX Font Info:    ... okay on input line 73.
LaTeX Font Info:    Try loading font information for T1+lmr on input line 73.
 (c:/texlive/2017/texmf-dist/tex/latex/lm/t1lmr.fd
File: t1lmr.fd 2009/10/30 v1.6 Font defs for Latin Modern
)
(c:/texlive/2017/texmf-dist/tex/context/base/mkii/supp-pdf.mkii
[Loading MPS to PDF converter (version 2006.09.02).]
\scratchcounter=\count141
\scratchdimen=\dimen190
\scratchbox=\box51
\nofMPsegments=\count142
\nofMParguments=\count143
\everyMPshowfont=\toks44
\MPscratchCnt=\count144
\MPscratchDim=\dimen191
\MPnumerator=\count145
\makeMPintoPDFobject=\count146
\everyMPtoPDFconversion=\toks45
) (c:/texlive/2017/texmf-dist/tex/latex/oberdiek/epstopdf-base.sty
Package: epstopdf-base 2016/05/15 v2.6 Base part for package epstopdf

(c:/texlive/2017/texmf-dist/tex/latex/oberdiek/grfext.sty
Package: grfext 2016/05/16 v1.2 Manage graphics extensions (HO)
)
Package epstopdf-base Info: Redefining graphics rule for `.eps' on input line 4
38.
Package grfext Info: Graphics extension search list:
(grfext)             [.pdf,.png,.jpg,.mps,.jpeg,.jbig2,.jb2,.PDF,.PNG,.JPG,.JPE
G,.JBIG2,.JB2,.eps]
(grfext)             \AppendGraphicsExtensions on input line 456.

(c:/texlive/2017/texmf-dist/tex/latex/latexconfig/epstopdf-sys.cfg
File: epstopdf-sys.cfg 2010/07/13 v1.3 Configuration of (r)epstopdf for TeX Liv
e
))
\AtBeginShipoutBox=\box52
Package hyperref Info: Link coloring OFF on input line 73.

(c:/texlive/2017/texmf-dist/tex/latex/hyperref/nameref.sty
Package: nameref 2016/05/21 v2.44 Cross-referencing by name of section

(c:/texlive/2017/texmf-dist/tex/generic/oberdiek/gettitlestring.sty
Package: gettitlestring 2016/05/16 v1.5 Cleanup title references (HO)
)
\c@section@level=\count147
)
LaTeX Info: Redefining \ref on input line 73.
LaTeX Info: Redefining \pageref on input line 73.
LaTeX Info: Redefining \nameref on input line 73.

(./DeveloperManual.out) (./DeveloperManual.out)
\@outlinefile=\write4
\openout4 = `DeveloperManual.out'.


ABD: EveryShipout initializing macros
LaTeX Font Info:    Try loading font information for OT1+lmr on input line 75.

(c:/texlive/2017/texmf-dist/tex/latex/lm/ot1lmr.fd
File: ot1lmr.fd 2009/10/30 v1.6 Font defs for Latin Modern
)
LaTeX Font Info:    Try loading font information for OML+lmm on input line 75.

(c:/texlive/2017/texmf-dist/tex/latex/lm/omllmm.fd
File: omllmm.fd 2009/10/30 v1.6 Font defs for Latin Modern
)
LaTeX Font Info:    Try loading font information for OMS+lmsy on input line 75.


(c:/texlive/2017/texmf-dist/tex/latex/lm/omslmsy.fd
File: omslmsy.fd 2009/10/30 v1.6 Font defs for Latin Modern
)
LaTeX Font Info:    Try loading font information for OMX+lmex on input line 75.


(c:/texlive/2017/texmf-dist/tex/latex/lm/omxlmex.fd
File: omxlmex.fd 2009/10/30 v1.6 Font defs for Latin Modern
)
LaTeX Font Info:    External font `lmex10' loaded for size
(Font)              <12> on input line 75.
LaTeX Font Info:    External font `lmex10' loaded for size
(Font)              <8> on input line 75.
LaTeX Font Info:    External font `lmex10' loaded for size
(Font)              <6> on input line 75.
LaTeX Font Info:    Try loading font information for U+rsfs on input line 75.

(c:/texlive/2017/texmf-dist/tex/latex/jknapltx/ursfs.fd
File: ursfs.fd 1998/03/24 rsfs font definition file (jk)
)
LaTeX Font Info:    Try loading font information for U+msa on input line 75.

(c:/texlive/2017/texmf-dist/tex/latex/amsfonts/umsa.fd
File: umsa.fd 2013/01/14 v3.01 AMS symbols A
)
LaTeX Font Info:    Try loading font information for U+msb on input line 75.

(c:/texlive/2017/texmf-dist/tex/latex/amsfonts/umsb.fd
File: umsb.fd 2013/01/14 v3.01 AMS symbols B
)
Overfull \hbox (17.0205pt too wide) in paragraph at lines 82--84
\T1/lmr/m/n/10.95 CLVTreeScaper re-quires a CLA-PACK prop-erly in-stalled and l
inked on your ma-chine. CLAPACK-
 []

LaTeX Font Info:    External font `lmex10' loaded for size
(Font)              <10.95> on input line 94.
LaTeX Font Info:    Try loading font information for T1+lmtt on input line 110.

(c:/texlive/2017/texmf-dist/tex/latex/lm/t1lmtt.fd
File: t1lmtt.fd 2009/10/30 v1.6 Font defs for Latin Modern
)
Overfull \hbox (3.46645pt too wide) in paragraph at lines 110--112
[]\T1/lmtt/m/n/10.95 git clone -b zdver https://github.com/TreeScaper/TreeScape
r.git \T1/lmr/m/n/10.95 to build the
 []


Overfull \hbox (63.70778pt too wide) in paragraph at lines 125--130
\T1/lmr/m/n/10.95 de-fault in-stal-la-tion, you need to only mod-ify the OS pos
t-fix name \T1/lmtt/m/n/10.95 PLAT \T1/lmr/m/n/10.95 in \T1/lmtt/m/n/10.95 /CLA
PACK-3.2.1/make.inc\T1/lmr/m/n/10.95 .
 []


Overfull \hbox (33.84575pt too wide) in paragraph at lines 131--136
\T1/lmr/m/n/10.95 the OS post-fix name is con-sis-tent with \T1/lmtt/m/n/10.95 
CLAPACK \T1/lmr/m/n/10.95 set-ting, i.e. \T1/lmtt/m/n/10.95 PLAT \T1/lmr/m/n/10
.95 in \T1/lmtt/m/n/10.95 /CLAPACK-3.2.1/make.inc
 []


Overfull \hbox (240.52196pt too wide) in paragraph at lines 137--138
[]\T1/lmr/m/n/10.95 ===========================================================
================== 
 []


LaTeX Warning: `!h' float specifier changed to `!ht'.


Overfull \hbox (24.51288pt too wide) in paragraph at lines 157--161
\T1/lmr/m/n/10.95 post-fix name of \T1/lmtt/m/n/10.95 lapack_XXX.a \T1/lmr/m/n/
10.95 and \T1/lmtt/m/n/10.95 blas_XXX.a \T1/lmr/m/n/10.95 and mod-ify \T1/lmtt/
m/n/10.95 PLAT \T1/lmr/m/n/10.95 in \T1/lmtt/m/n/10.95 makeCLVTreeScaper.inc 
 []

[1

{c:/texlive/2017/texmf-var/fonts/map/pdftex/updmap/pdftex.map}]
Overfull \hbox (240.52196pt too wide) in paragraph at lines 168--169
[]\T1/lmr/m/n/10.95 ===========================================================
================== 
 []


Overfull \hbox (35.67827pt too wide) in paragraph at lines 175--178
\T1/lmr/m/n/10.95 sure you also move the de-fault pa-ram-e-ters files nldr_para
meters.csv and dimest_parameters.csv
 []


Overfull \hbox (15.80211pt too wide) in paragraph at lines 200--202
[]\T1/lmr/m/n/10.95 If there is no change on CLA-PACK side, which is usu-ally t
he case, run \T1/lmtt/m/n/10.95 make CLVTreeScaper
 []

<ArgumentList1.jpg, id=78, 636.87938pt x 525.46312pt>
File: ArgumentList1.jpg Graphic file (type jpg)
<use ArgumentList1.jpg>
Package pdftex.def Info: ArgumentList1.jpg  used on input line 214.
(pdftex.def)             Requested size: 442.65375pt x 365.21585pt.

LaTeX Warning: `!h' float specifier changed to `!ht'.

[2]
Overfull \hbox (11.4962pt too wide) in paragraph at lines 227--230
\T1/lmtt/m/n/10.95 ./CLVTreeScaper -trees -f test.tre -ft trees -r 1 -w 1 -o Co
mmunity -t Affinity
 []

[3 <./ArgumentList1.jpg>]
<ArgumentList2.jpg, id=97, 748.29562pt x 469.755pt>
File: ArgumentList2.jpg Graphic file (type jpg)
<use ArgumentList2.jpg>
Package pdftex.def Info: ArgumentList2.jpg  used on input line 235.
(pdftex.def)             Requested size: 442.65375pt x 277.88417pt.
LaTeX Font Info:    Font shape `T1/lmtt/bx/n' in size <12> not available
(Font)              Font shape `T1/lmtt/b/n' tried instead on input line 244.
 [4 <./ArgumentList2.jpg>] [5

] [6

] [7

]
Overfull \hbox (19.26749pt too wide) in paragraph at lines 416--417
[]\T1/lmr/m/n/10.95 Warning: this im-ple-men-ta-tion is dif-fer-ent than the im
-ple-men-ta-tion of \T1/lmtt/m/n/10.95 String::operator()\T1/lmr/m/n/10.95 ,
 []


LaTeX Warning: Hyper reference `MatrixResize' on page 8 undefined on input line
 443.

contour: Using 16 copies for `\texttt {resize}' on input line 443.
[8]
Overfull \hbox (10.55466pt too wide) in paragraph at lines 463--464
[]\T1/lmtt/m/n/10.95 friend Matrix operator*([]S[] value, Matrix<[]T[]> mat) \T
1/lmr/m/n/10.95 or \T1/lmtt/m/n/10.95 (Matrix<[]T[]> mat, []S[] value)\T1/lmr/m
/n/10.95 . 
 []

[9] [10]
contour: Using 16 copies for `\texttt {Matrix}' on input line 528.
contour: Using 16 copies for `\texttt {Matrix}' on input line 529.

LaTeX Warning: Hyper reference `NLDR' on page 11 undefined on input line 550.

contour: Using 16 copies for `\texttt {NLDR}' on input line 550.

Overfull \hbox (136.50182pt too wide) in paragraph at lines 550--551
[]\T1/lmr/m/n/10.95 Compute the stress that es-ti-mate how good $\OML/lmm/m/it/
10.95 BB[]$ \T1/lmr/m/n/10.95 ap-prox-i-mate $\OML/lmm/m/it/10.95 D[]$ \T1/lmr/
m/n/10.95 by call-ing []|   [][][]::\T1/lmtt/m/n/10.95 CLASSIC_MDS_stress_funct
ion[]\T1/lmr/m/n/10.95 . 
 []


LaTeX Warning: Hyper reference `MatrixResize' on page 11 undefined on input lin
e 573.

contour: Using 16 copies for `\texttt {resize}' on input line 573.

Overfull \hbox (70.3392pt too wide) in paragraph at lines 568--575
[][] 
 []

[11]
Overfull \hbox (70.3392pt too wide) in paragraph at lines 578--587
[][] 
 []

contour: Using 16 copies for `\texttt {NEWICKNODE}' on input line 607.
contour: Using 16 copies for `\texttt {NEWICKNODE}' on input line 608.
contour: Using 16 copies for `\texttt {NEWICKTREE}' on input line 616.
contour: Using 16 copies for `\texttt {loadnewicktree}' on input line 619.
contour: Using 16 copies for `\texttt {NEWICKTREE}' on input line 619.
contour: Using 16 copies for `\texttt {loadnewicktree2}' on input line 620.
contour: Using 16 copies for `\texttt {NEWICKTREE}' on input line 620.
contour: Using 16 copies for `\texttt {floadnewicktree}' on input line 621.
contour: Using 16 copies for `\texttt {NEWICKTREE}' on input line 621.
contour: Using 16 copies for `\texttt {loadnode}' on input line 622.
contour: Using 16 copies for `\texttt {NEWICKTREE}' on input line 622.
contour: Using 16 copies for `\texttt {loadleaf}' on input line 623.
contour: Using 16 copies for `\texttt {NEWICKTREE}' on input line 623.
contour: Using 16 copies for `\texttt {parsetree}' on input line 624.
contour: Using 16 copies for `\texttt {NEWICKTREE}' on input line 624.
contour: Using 16 copies for `\texttt {parsenode}' on input line 625.
contour: Using 16 copies for `\texttt {NEWICKTREE}' on input line 625.
contour: Using 16 copies for `\texttt {parseleaf}' on input line 626.
contour: Using 16 copies for `\texttt {NEWICKTREE}' on input line 626.
contour: Using 16 copies for `\texttt {addchild}' on input line 627.
contour: Using 16 copies for `\texttt {dfs\_compute\_hash}' on input line 628.

Overfull \hbox (3.45035pt too wide) in paragraph at lines 628--628
[]|[][]|   [][][][]| 
 []


Underfull \hbox (badness 1019) in paragraph at lines 628--629
[]|\T1/lmr/m/n/10.95 Assigned hash val-ues to all (sub-
 []

contour: Using 16 copies for `\texttt {bipart}' on input line 629.
contour: Using 16 copies for `\texttt {findleaf}' on input line 630.
contour: Using 16 copies for `NEWICKNODE::\texttt {label}' on input line 630.

Underfull \hbox (badness 10000) in paragraph at lines 630--631
[]|\T1/lmr/m/n/10.95 Find a leaf by the
 []

contour: Using 16 copies for `\texttt {normalizedTree}' on input line 631.
contour: Using 16 copies for `\texttt {newick2lcbb}' on input line 632.
contour: Using 16 copies for `\texttt {NEWICKTREE}' on input line 632.
contour: Using 16 copies for `\texttt {Ptree}' on input line 632.
contour: Using 16 copies for `\texttt {newick2ptree}' on input line 633.
contour: Using 16 copies for `\texttt {newick2lcbb}' on input line 633.
contour: Using 16 copies for `\texttt {sumofdegree}' on input line 634.
contour: Using 16 copies for `\texttt {bipartcount}' on input line 635.
contour: Using 16 copies for `\texttt {Addbipart}' on input line 636.
[12]
contour: Using 16 copies for `\texttt {NEWICKTREE}' on input line 643.
contour: Using 16 copies for `\texttt {initialTrees}' on input line 645.
contour: Using 16 copies for `\texttt {ReadTrees}' on input line 646.
contour: Using 16 copies for `\texttt {compute\_numofbipart}' on input line 647
.
contour: Using 16 copies for `\texttt {Compute\_Hash}' on input line 648.

Underfull \hbox (badness 4686) in paragraph at lines 648--649
[]|\T1/lmr/m/n/10.95 Generate hash ta-ble for
 []

contour: Using 16 copies for `\texttt {Compute\_Bipart\_Matrix}' on input line 
649.
contour: Using 16 copies for `\texttt {Compute\_Bipart\_Covariance}' on input l
ine 650.

Overfull \hbox (10.92087pt too wide) in paragraph at lines 650--650
[]|[][]|   [][][][]| 
 []


Underfull \hbox (badness 10000) in paragraph at lines 650--651
[]|\T1/lmr/m/n/10.95 Generate the co-vari-ance
 []


Underfull \hbox (badness 4366) in paragraph at lines 650--651
\T1/lmr/m/n/10.95 ma-trix ac-cord-ing to the
 []

contour: Using 16 copies for `\texttt {Compute\_RF\_dist\_by\_hash}' on input l
ine 651.

Underfull \hbox (badness 1565) in paragraph at lines 651--652
[]|\T1/lmr/m/n/10.95 Generate the RF-distance
 []

contour: Using 16 copies for `\texttt {pttree}' on input line 652.
contour: Using 16 copies for `\texttt {Ptree}' on input line 652.

Underfull \hbox (badness 10000) in paragraph at lines 652--653
[]|\T1/lmr/m/n/10.95 Construct the ad-ja-cency
 []

contour: Using 16 copies for `\texttt {compute\_matrix}' on input line 653.
contour: Using 16 copies for `\texttt {Ptree}' on input line 653.

Underfull \hbox (badness 3019) in paragraph at lines 653--654
\T1/lmr/m/n/10.95 put-ing match-ing dis-tance
 []


Underfull \hbox (badness 2189) in paragraph at lines 653--654
\T1/lmr/m/n/10.95 by ac-cu-mu-lat-ing com-mon
 []

contour: Using 16 copies for `\texttt {Compute\_Matching\_dist}' on input line 
654.
contour: Using 16 copies for `\texttt {Compute\_Affinity\_dist}' on input line 
655.

Underfull \hbox (badness 1127) in paragraph at lines 655--656
[]|\T1/lmr/m/n/10.95 Compute the affin-ity dis-
 []

[13]
contour: Using 16 copies for `\texttt {TreeOPE}' on input line 665.
contour: Using 16 copies for `\texttt {floadnewicktree}' on input line 672.
contour: Using 16 copies for `\texttt {floadnewicktree}' on input line 677.
contour: Using 16 copies for `\texttt {loadnewicktree2}' on input line 679.
[14]
contour: Using 16 copies for `\texttt {TreeOPE}' on input line 686.
contour: Using 16 copies for `\texttt {loadnewicktree}' on input line 692.
contour: Using 16 copies for `\texttt {floadnewicktree}' on input line 692.
contour: Using 16 copies for `\texttt {floadnewicktree}' on input line 697.

Underfull \hbox (badness 2351) in paragraph at lines 697--698
[]|\T1/lmr/m/n/10.95 Implementation by re-cur-
 []

contour: Using 16 copies for `\texttt {parsetree}' on input line 699.
contour: Using 16 copies for `\texttt {TreeOPE}' on input line 707.
contour: Using 16 copies for `\texttt {loadnode}' on input line 713.
contour: Using 16 copies for `\texttt {loadnode}' on input line 718.
contour: Using 16 copies for `\texttt {parsetree}' on input line 720.
[15]
contour: Using 16 copies for `\texttt {TreeOPE}' on input line 727.
contour: Using 16 copies for `\texttt {loadnode}' on input line 733.
contour: Using 16 copies for `\texttt {loadleaf}' on input line 733.

Underfull \hbox (badness 10000) in paragraph at lines 740--741
[]|\T1/lmr/m/n/10.95 Read ad-di-tional in-for-ma-tion
 []

contour: Using 16 copies for `\texttt {TreeOPE}' on input line 749.
contour: Using 16 copies for `\texttt {floadnewicktree}' on input line 755.
contour: Using 16 copies for `\texttt {parsenode}' on input line 760.
contour: Using 16 copies for `\texttt {TreeOPE}' on input line 769.
[16]
contour: Using 16 copies for `\texttt {loadnode}' on input line 775.

Underfull \hbox (badness 10000) in paragraph at lines 782--783
[]|\T1/lmr/m/n/10.95 Read ad-di-tional in-for-ma-tion
 []

contour: Using 16 copies for `\texttt {TreeOPE}' on input line 789.

Underfull \hbox (badness 10000) in paragraph at lines 804--804
[]|\T1/lmtt/m/n/10.95 ( NEWICKNODE* startNode, LabelMap &lm,
 []


Underfull \hbox (badness 10000) in paragraph at lines 804--804
\T1/lmtt/m/n/10.95 HashRFMap &vec_hashrf, unsigned treeIdx,
 []


Underfull \hbox (badness 10000) in paragraph at lines 804--804
\T1/lmtt/m/n/10.95 unsigned &numBitstr, unsigned long long
 []


Underfull \hbox (badness 10000) in paragraph at lines 804--804
\T1/lmtt/m/n/10.95 m1, unsigned long long m2, bool WEIGHTED,
 []


Underfull \hbox (badness 10000) in paragraph at lines 804--804
\T1/lmtt/m/n/10.95 unsigned int NUM_Taxa, map<unsigned long
 []


Underfull \hbox (badness 10000) in paragraph at lines 804--804
\T1/lmtt/m/n/10.95 long, Array<char> *> &hash2bitstr, int
 []


LaTeX Warning: Hyper reference `Array' on page 17 undefined on input line 813.

contour: Using 16 copies for `\texttt {Array}' on input line 813.

Overfull \hbox (9.53363pt too wide) in paragraph at lines 813--813
[]|[]|   [][][]\T1/lmr/m/n/10.95 ::\T1/lmtt/m/n/10.95 SetBitArray[]| 
 []


LaTeX Warning: Hyper reference `Array' on page 17 undefined on input line 814.

contour: Using 16 copies for `\texttt {Array}' on input line 814.
[17]
contour: Using 16 copies for `\texttt {TreeOPE}' on input line 823.

Underfull \hbox (badness 10000) in paragraph at lines 830--830
[]|\T1/lmtt/m/n/10.95 (NEWICKNODE *const startnode, unsigned int
 []


Underfull \hbox (badness 10000) in paragraph at lines 830--830
\T1/lmtt/m/n/10.95 &treeIdx, unsigned long long *matrix_hv,
 []


Underfull \hbox (badness 10000) in paragraph at lines 830--830
\T1/lmtt/m/n/10.95 unsigned int *matrix_treeIdx, double
 []


Underfull \hbox (badness 10000) in paragraph at lines 830--830
\T1/lmtt/m/n/10.95 *matrix_weight, int &idx, int depth, bool
 []

[18]
contour: Using 16 copies for `\texttt {TreeOPE}' on input line 846.

Underfull \hbox (badness 10000) in paragraph at lines 850--850
[]|\T1/lmtt/m/n/10.95 (std::string leafname, NEWICKNODE
 []

contour: Using 16 copies for `\texttt {TreeOPE}' on input line 861.

Underfull \hbox (badness 10000) in paragraph at lines 865--865
[]|\T1/lmtt/m/n/10.95 (NEWICKNODE *lrpt, NEWICKTREE *newickTree, int
 []

contour: Using 16 copies for `\texttt {TreeOPE}' on input line 876.

Underfull \hbox (badness 10000) in paragraph at lines 880--880
[]|\T1/lmtt/m/n/10.95 (const NEWICKTREE *nwtree, int num_leaves,
 []

contour: Using 16 copies for `\texttt {NEWICKTREE}' on input line 882.
contour: Using 16 copies for `\texttt {Ptree}' on input line 882.
contour: Using 16 copies for `\texttt {newick2lcbb}' on input line 887.
contour: Using 16 copies for `\texttt {Ptree}' on input line 889.
contour: Using 16 copies for `\texttt {Ptree}' on input line 889.
[19]
contour: Using 16 copies for `\texttt {TreeOPE}' on input line 893.
contour: Using 16 copies for `\texttt {TreeOPE}' on input line 913.

Underfull \hbox (badness 10000) in paragraph at lines 917--917
[]|\T1/lmtt/m/n/10.95 (NEWICKNODE *node, bool isrooted, map<unsigned
 []


Underfull \hbox (badness 10000) in paragraph at lines 917--917
\T1/lmtt/m/n/10.95 long long, unsigned long long> &bipcount, int
 []

contour: Using 16 copies for `\texttt {TreeOPE}' on input line 930.

Underfull \hbox (badness 10000) in paragraph at lines 934--934
[]|\T1/lmtt/m/n/10.95 (NEWICKNODE* startNode, double freq, unsigned
 []


Underfull \hbox (badness 10000) in paragraph at lines 934--934
\T1/lmtt/m/n/10.95 long long hash, Array<char> &bitstr, int
 []

contour: Using 16 copies for `\texttt {Trees}' on input line 950.
contour: Using 16 copies for `\texttt {Trees}' on input line 955.
[20]

LaTeX Warning: Hyper reference `NEWICKEDTREE' on page 21 undefined on input lin
e 961.

contour: Using 16 copies for `\texttt {NEWICKEDTREE}' on input line 961.

LaTeX Warning: Hyper reference `loadnewickedtree2' on page 21 undefined on inpu
t line 961.

contour: Using 16 copies for `\texttt {loadnewickedtree2}' on input line 961.

Underfull \hbox (badness 10000) in paragraph at lines 961--961
[]|\T1/lmr/m/n/10.95 Initialize a set of []|   [][][]s by call-ing
 []

contour: Using 16 copies for `\texttt {loadnewicktree2}' on input line 966.
contour: Using 16 copies for `\texttt {Trees}' on input line 976.
contour: Using 16 copies for `\texttt {initialTrees}' on input line 982.
contour: Using 16 copies for `\texttt {parsetree}' on input line 982.
contour: Using 16 copies for `\texttt {parsetree}' on input line 987.
contour: Using 16 copies for `\texttt {normalizedTree}' on input line 988.
contour: Using 16 copies for `\texttt {Trees}' on input line 999.

LaTeX Warning: Hyper reference `numberofbipartition' on page 21 undefined on in
put line 1005.

contour: Using 16 copies for `\texttt {numberofbipartition}' on input line 1005
.
contour: Using 16 copies for `\texttt {sumofdegree}' on input line 1010.
contour: Using 16 copies for `\texttt {Trees}' on input line 1014.
contour: Using 16 copies for `\texttt {dfs\_compute\_hash}' on input line 1025.


Overfull \hbox (3.45035pt too wide) in paragraph at lines 1025--1025
[]|[][]|   [][][][]| 
 []

[21]
contour: Using 16 copies for `\texttt {Trees}' on input line 1029.
contour: Using 16 copies for `\texttt {bipart}' on input line 1035.
contour: Using 16 copies for `\texttt {bipart}' on input line 1040.
contour: Using 16 copies for `\texttt {Sort}' on input line 1044.
contour: Using 16 copies for `\texttt {Trees}' on input line 1050.

Underfull \hbox (badness 10000) in paragraph at lines 1054--1054
[]|\T1/lmtt/m/n/10.95 (const double* Vec1, const double* Vec2, int
 []


LaTeX Warning: Hyper reference `SparseMatrix' on page 22 undefined on input lin
e 1063.

contour: Using 16 copies for `\texttt {SparseMatrix}' on input line 1063.

LaTeX Warning: Hyper reference `Multiplyvec' on page 22 undefined on input line
 1063.

contour: Using 16 copies for `\texttt {Multiply\_vec}' on input line 1063.

LaTeX Warning: Hyper reference `Vector' on page 22 undefined on input line 1063
.

contour: Using 16 copies for `\texttt {Vector}' on input line 1063.
contour: Using 16 copies for `\texttt {Trees}' on input line 1067.
contour: Using 16 copies for `\texttt {Compute\_Bipart\_Matrix}' on input line 
1073.

LaTeX Warning: Hyper reference `SparseMatrix' on page 22 undefined on input lin
e 1078.

contour: Using 16 copies for `\texttt {SparseMatrix}' on input line 1078.

LaTeX Warning: Hyper reference `transpose' on page 22 undefined on input line 1
078.

contour: Using 16 copies for `\texttt {transpose}' on input line 1078.

LaTeX Warning: Hyper reference `SparseMatrix' on page 22 undefined on input lin
e 1079.

contour: Using 16 copies for `\texttt {SparseMatrix}' on input line 1079.

LaTeX Warning: Hyper reference `Multiply' on page 22 undefined on input line 10
79.

contour: Using 16 copies for `\texttt {Multiply}' on input line 1079.

Underfull \hbox (badness 10000) in paragraph at lines 1079--1080
[]|\T1/lmr/m/n/10.95 Matrix-Matrix mul-ti-pli-ca-
 []


LaTeX Warning: Hyper reference `SparseMatrix' on page 22 undefined on input lin
e 1080.

contour: Using 16 copies for `\texttt {SparseMatrix}' on input line 1080.

LaTeX Warning: Hyper reference `Mean' on page 22 undefined on input line 1080.

contour: Using 16 copies for `\texttt {Mean}' on input line 1080.

LaTeX Warning: Hyper reference `SparseMatrix' on page 22 undefined on input lin
e 1081.

contour: Using 16 copies for `\texttt {SparseMatrix}' on input line 1081.

LaTeX Warning: Hyper reference `Multiplyvec' on page 22 undefined on input line
 1081.

contour: Using 16 copies for `\texttt {Multiply\_vec}' on input line 1081.

Overfull \hbox (11.25542pt too wide) in paragraph at lines 1081--1081
[]|[]|   [][][]\T1/lmr/m/n/10.95 ::[]|   [][][]| 
 []


Underfull \hbox (badness 10000) in paragraph at lines 1081--1082
[]|\T1/lmr/m/n/10.95 Matrix-vector mul-ti-pli-ca-
 []

contour: Using 16 copies for `\texttt {Trees}' on input line 1082.
contour: Using 16 copies for `\texttt {Vec\_Multiply}' on input line 1082.
[22]
contour: Using 16 copies for `\texttt {Trees}' on input line 1090.
contour: Using 16 copies for `\texttt {Trees}' on input line 1108.
contour: Using 16 copies for `\texttt {Ptree}' on input line 1114.
contour: Using 16 copies for `\texttt {Trees}' on input line 1124.

Underfull \hbox (badness 10000) in paragraph at lines 1128--1128
[]|\T1/lmtt/m/n/10.95 (int *r, int range, struct Ptree *tree1,
 []

[23]
contour: Using 16 copies for `\texttt {Trees}' on input line 1141.
contour: Using 16 copies for `\texttt {compute\_matrix}' on input line 1147.
contour: Using 16 copies for `\texttt {Trees}' on input line 1162.

LaTeX Warning: Hyper reference `Getbipartitionofonetree' on page 24 undefined o
n input line 1173.

contour: Using 16 copies for `\texttt {Get\_bipartitionofonetree}' on input lin
e 1173.

Overfull \hbox (49.44022pt too wide) in paragraph at lines 1173--1173
[]|[]|   [][][]| 
 []

contour: Using 16 copies for `\texttt {Trees}' on input line 1181.

Underfull \hbox (badness 5147) in paragraph at lines 1187--1187
\T1/lmr/m/n/10.95 depending on the flag \T1/lmtt/m/n/10.95 type\T1/lmr/m/n/10.9
5 . It ac-cepts un-
 []


Underfull \hbox (badness 7433) in paragraph at lines 1187--1187
\T1/lmr/m/n/10.95 weighted/weighted RF-distance, Matching-distance,
 []

contour: Using 16 copies for `\texttt {Trees}' on input line 1197.
[24] [25]
Package atveryend Info: Empty hook `BeforeClearDocument' on input line 1220.
Package atveryend Info: Empty hook `AfterLastShipout' on input line 1220.
 (./DeveloperManual.aux)
Package atveryend Info: Executing hook `AtVeryEndDocument' on input line 1220.
Package atveryend Info: Executing hook `AtEndAfterFileList' on input line 1220.

Package rerunfilecheck Info: File `DeveloperManual.out' has not changed.
(rerunfilecheck)             Checksum: 0AD1360FF4D863AEB9621AE8C6E1AD22;900.


LaTeX Warning: There were undefined references.


LaTeX Warning: There were multiply-defined labels.

Package atveryend Info: Empty hook `AtVeryVeryEnd' on input line 1220.
 ) 
Here is how much of TeX's memory you used:
 19067 strings out of 492982
 349587 string characters out of 6136241
 475947 words of memory out of 5000000
 22125 multiletter control sequences out of 15000+600000
 57785 words of font info for 63 fonts, out of 8000000 for 9000
 1141 hyphenation exceptions out of 8191
 55i,11n,65p,665b,479s stack positions out of 5000i,500n,10000p,200000b,80000s
{c:/texlive/2017/texmf-dist/fonts/enc/dvips/lm/lm-rm.enc}{c:/texlive/2017/tex
mf-dist/fonts/enc/dvips/lm/lm-mathsy.enc}{c:/texlive/2017/texmf-dist/fonts/enc/
dvips/lm/lm-mathex.enc}{c:/texlive/2017/texmf-dist/fonts/enc/dvips/lm/lm-mathit
.enc}{c:/texlive/2017/texmf-dist/fonts/enc/dvips/lm/lm-ec.enc}<c:/texlive/2017/
texmf-dist/fonts/type1/public/lm/lmbx10.pfb><c:/texlive/2017/texmf-dist/fonts/t
ype1/public/lm/lmbx12.pfb><c:/texlive/2017/texmf-dist/fonts/type1/public/lm/lme
x10.pfb><c:/texlive/2017/texmf-dist/fonts/type1/public/lm/lmmi10.pfb><c:/texliv
e/2017/texmf-dist/fonts/type1/public/lm/lmmi6.pfb><c:/texlive/2017/texmf-dist/f
onts/type1/public/lm/lmmi8.pfb><c:/texlive/2017/texmf-dist/fonts/type1/public/l
m/lmr10.pfb><c:/texlive/2017/texmf-dist/fonts/type1/public/lm/lmr12.pfb><c:/tex
live/2017/texmf-dist/fonts/type1/public/lm/lmr17.pfb><c:/texlive/2017/texmf-dis
t/fonts/type1/public/lm/lmr6.pfb><c:/texlive/2017/texmf-dist/fonts/type1/public
/lm/lmr8.pfb><c:/texlive/2017/texmf-dist/fonts/type1/public/lm/lmsy10.pfb><c:/t
exlive/2017/texmf-dist/fonts/type1/public/lm/lmsy6.pfb><c:/texlive/2017/texmf-d
ist/fonts/type1/public/lm/lmsy8.pfb><c:/texlive/2017/texmf-dist/fonts/type1/pub
lic/lm/lmtk10.pfb><c:/texlive/2017/texmf-dist/fonts/type1/public/lm/lmtt10.pfb>
<c:/texlive/2017/texmf-dist/fonts/type1/public/amsfonts/symbols/msbm10.pfb>
Output written on DeveloperManual.pdf (25 pages, 503070 bytes).
PDF statistics:
 484 PDF objects out of 1000 (max. 8388607)
 433 compressed objects within 5 object streams
 120 named destinations out of 1000 (max. 500000)
 135 words of extra memory for PDF output out of 10000 (max. 10000000)

