This is pdfTeX, Version 3.14159265-2.6-1.40.18 (TeX Live 2017/W32TeX) (preloaded format=pdflatex 2018.3.4)  4 AUG 2020 23:18
entering extended mode
 restricted \write18 enabled.
 %&-line parsing enabled.
**./DeveloperManual.tex
(./DeveloperManual.tex
LaTeX2e <2017-04-15>
Babel <3.18> and hyphenation patterns for 84 language(s) loaded.
(c:/texlive/2017/texmf-dist/tex/latex/base/article.cls
Document Class: article 2014/09/29 v1.4h Standard LaTeX document class
(c:/texlive/2017/texmf-dist/tex/latex/base/size11.clo
File: size11.clo 2014/09/29 v1.4h Standard LaTeX file (size option)
)
\c@part=\count79
\c@section=\count80
\c@subsection=\count81
\c@subsubsection=\count82
\c@paragraph=\count83
\c@subparagraph=\count84
\c@figure=\count85
\c@table=\count86
\abovecaptionskip=\skip41
\belowcaptionskip=\skip42
\bibindent=\dimen102
)
(c:/texlive/2017/texmf-dist/tex/latex/base/fontenc.sty
Package: fontenc 2017/04/05 v2.0i Standard LaTeX package

(c:/texlive/2017/texmf-dist/tex/latex/base/t1enc.def
File: t1enc.def 2017/04/05 v2.0i Standard LaTeX file
LaTeX Font Info:    Redeclaring font encoding T1 on input line 48.
))
(c:/texlive/2017/texmf-dist/tex/latex/lm/lmodern.sty
Package: lmodern 2009/10/30 v1.6 Latin Modern Fonts
LaTeX Font Info:    Overwriting symbol font `operators' in version `normal'
(Font)                  OT1/cmr/m/n --> OT1/lmr/m/n on input line 22.
LaTeX Font Info:    Overwriting symbol font `letters' in version `normal'
(Font)                  OML/cmm/m/it --> OML/lmm/m/it on input line 23.
LaTeX Font Info:    Overwriting symbol font `symbols' in version `normal'
(Font)                  OMS/cmsy/m/n --> OMS/lmsy/m/n on input line 24.
LaTeX Font Info:    Overwriting symbol font `largesymbols' in version `normal'
(Font)                  OMX/cmex/m/n --> OMX/lmex/m/n on input line 25.
LaTeX Font Info:    Overwriting symbol font `operators' in version `bold'
(Font)                  OT1/cmr/bx/n --> OT1/lmr/bx/n on input line 26.
LaTeX Font Info:    Overwriting symbol font `letters' in version `bold'
(Font)                  OML/cmm/b/it --> OML/lmm/b/it on input line 27.
LaTeX Font Info:    Overwriting symbol font `symbols' in version `bold'
(Font)                  OMS/cmsy/b/n --> OMS/lmsy/b/n on input line 28.
LaTeX Font Info:    Overwriting symbol font `largesymbols' in version `bold'
(Font)                  OMX/cmex/m/n --> OMX/lmex/m/n on input line 29.
LaTeX Font Info:    Overwriting math alphabet `\mathbf' in version `normal'
(Font)                  OT1/cmr/bx/n --> OT1/lmr/bx/n on input line 31.
LaTeX Font Info:    Overwriting math alphabet `\mathsf' in version `normal'
(Font)                  OT1/cmss/m/n --> OT1/lmss/m/n on input line 32.
LaTeX Font Info:    Overwriting math alphabet `\mathit' in version `normal'
(Font)                  OT1/cmr/m/it --> OT1/lmr/m/it on input line 33.
LaTeX Font Info:    Overwriting math alphabet `\mathtt' in version `normal'
(Font)                  OT1/cmtt/m/n --> OT1/lmtt/m/n on input line 34.
LaTeX Font Info:    Overwriting math alphabet `\mathbf' in version `bold'
(Font)                  OT1/cmr/bx/n --> OT1/lmr/bx/n on input line 35.
LaTeX Font Info:    Overwriting math alphabet `\mathsf' in version `bold'
(Font)                  OT1/cmss/bx/n --> OT1/lmss/bx/n on input line 36.
LaTeX Font Info:    Overwriting math alphabet `\mathit' in version `bold'
(Font)                  OT1/cmr/bx/it --> OT1/lmr/bx/it on input line 37.
LaTeX Font Info:    Overwriting math alphabet `\mathtt' in version `bold'
(Font)                  OT1/cmtt/m/n --> OT1/lmtt/m/n on input line 38.
)
(c:/texlive/2017/texmf-dist/tex/latex/amsmath/amsmath.sty
Package: amsmath 2017/09/02 v2.17a AMS math features
\@mathmargin=\skip43

For additional information on amsmath, use the `?' option.
(c:/texlive/2017/texmf-dist/tex/latex/amsmath/amstext.sty
Package: amstext 2000/06/29 v2.01 AMS text

(c:/texlive/2017/texmf-dist/tex/latex/amsmath/amsgen.sty
File: amsgen.sty 1999/11/30 v2.0 generic functions
\@emptytoks=\toks14
\ex@=\dimen103
))
(c:/texlive/2017/texmf-dist/tex/latex/amsmath/amsbsy.sty
Package: amsbsy 1999/11/29 v1.2d Bold Symbols
\pmbraise@=\dimen104
)
(c:/texlive/2017/texmf-dist/tex/latex/amsmath/amsopn.sty
Package: amsopn 2016/03/08 v2.02 operator names
)
\inf@bad=\count87
LaTeX Info: Redefining \frac on input line 213.
\uproot@=\count88
\leftroot@=\count89
LaTeX Info: Redefining \overline on input line 375.
\classnum@=\count90
\DOTSCASE@=\count91
LaTeX Info: Redefining \ldots on input line 472.
LaTeX Info: Redefining \dots on input line 475.
LaTeX Info: Redefining \cdots on input line 596.
\Mathstrutbox@=\box26
\strutbox@=\box27
\big@size=\dimen105
LaTeX Font Info:    Redeclaring font encoding OML on input line 712.
LaTeX Font Info:    Redeclaring font encoding OMS on input line 713.
\macc@depth=\count92
\c@MaxMatrixCols=\count93
\dotsspace@=\muskip10
\c@parentequation=\count94
\dspbrk@lvl=\count95
\tag@help=\toks15
\row@=\count96
\column@=\count97
\maxfields@=\count98
\andhelp@=\toks16
\eqnshift@=\dimen106
\alignsep@=\dimen107
\tagshift@=\dimen108
\tagwidth@=\dimen109
\totwidth@=\dimen110
\lineht@=\dimen111
\@envbody=\toks17
\multlinegap=\skip44
\multlinetaggap=\skip45
\mathdisplay@stack=\toks18
LaTeX Info: Redefining \[ on input line 2817.
LaTeX Info: Redefining \] on input line 2818.
)
(c:/texlive/2017/texmf-dist/tex/latex/jknapltx/mathrsfs.sty
Package: mathrsfs 1996/01/01 Math RSFS package v1.0 (jk)
\symrsfs=\mathgroup4
)
(c:/texlive/2017/texmf-dist/tex/latex/amsfonts/amssymb.sty
Package: amssymb 2013/01/14 v3.01 AMS font symbols

(c:/texlive/2017/texmf-dist/tex/latex/amsfonts/amsfonts.sty
Package: amsfonts 2013/01/14 v3.01 Basic AMSFonts support
\symAMSa=\mathgroup5
\symAMSb=\mathgroup6
LaTeX Font Info:    Overwriting math alphabet `\mathfrak' in version `bold'
(Font)                  U/euf/m/n --> U/euf/b/n on input line 106.
))
(c:/texlive/2017/texmf-dist/tex/latex/a4wide/a4wide.sty
Package: a4wide 1994/08/30

(c:/texlive/2017/texmf-dist/tex/latex/ntgclass/a4.sty
Package: a4 2004/04/15 v1.2g A4 based page layout
))
(c:/texlive/2017/texmf-dist/tex/latex/graphics/color.sty
Package: color 2016/07/10 v1.1e Standard LaTeX Color (DPC)

(c:/texlive/2017/texmf-dist/tex/latex/graphics-cfg/color.cfg
File: color.cfg 2016/01/02 v1.6 sample color configuration
)
Package color Info: Driver file: pdftex.def on input line 147.

(c:/texlive/2017/texmf-dist/tex/latex/graphics-def/pdftex.def
File: pdftex.def 2018/01/08 v1.0l Graphics/color driver for pdftex
))
(c:/texlive/2017/texmf-dist/tex/latex/tools/verbatim.sty
Package: verbatim 2014/10/28 v1.5q LaTeX2e package for verbatim enhancements
\every@verbatim=\toks19
\verbatim@line=\toks20
\verbatim@in@stream=\read1
)
(c:/texlive/2017/texmf-dist/tex/latex/hyperref/hyperref.sty
Package: hyperref 2018/02/06 v6.86b Hypertext links for LaTeX

(c:/texlive/2017/texmf-dist/tex/generic/oberdiek/hobsub-hyperref.sty
Package: hobsub-hyperref 2016/05/16 v1.14 Bundle oberdiek, subset hyperref (HO)


(c:/texlive/2017/texmf-dist/tex/generic/oberdiek/hobsub-generic.sty
Package: hobsub-generic 2016/05/16 v1.14 Bundle oberdiek, subset generic (HO)
Package: hobsub 2016/05/16 v1.14 Construct package bundles (HO)
Package: infwarerr 2016/05/16 v1.4 Providing info/warning/error messages (HO)
Package: ltxcmds 2016/05/16 v1.23 LaTeX kernel commands for general use (HO)
Package: ifluatex 2016/05/16 v1.4 Provides the ifluatex switch (HO)
Package ifluatex Info: LuaTeX not detected.
Package: ifvtex 2016/05/16 v1.6 Detect VTeX and its facilities (HO)
Package ifvtex Info: VTeX not detected.
Package: intcalc 2016/05/16 v1.2 Expandable calculations with integers (HO)
Package: ifpdf 2017/03/15 v3.2 Provides the ifpdf switch
Package: etexcmds 2016/05/16 v1.6 Avoid name clashes with e-TeX commands (HO)
Package etexcmds Info: Could not find \expanded.
(etexcmds)             That can mean that you are not using pdfTeX 1.50 or
(etexcmds)             that some package has redefined \expanded.
(etexcmds)             In the latter case, load this package earlier.
Package: kvsetkeys 2016/05/16 v1.17 Key value parser (HO)
Package: kvdefinekeys 2016/05/16 v1.4 Define keys (HO)
Package: pdftexcmds 2018/01/21 v0.26 Utility functions of pdfTeX for LuaTeX (HO
)
Package pdftexcmds Info: LuaTeX not detected.
Package pdftexcmds Info: \pdf@primitive is available.
Package pdftexcmds Info: \pdf@ifprimitive is available.
Package pdftexcmds Info: \pdfdraftmode found.
Package: pdfescape 2016/05/16 v1.14 Implements pdfTeX's escape features (HO)
Package: bigintcalc 2016/05/16 v1.4 Expandable calculations on big integers (HO
)
Package: bitset 2016/05/16 v1.2 Handle bit-vector datatype (HO)
Package: uniquecounter 2016/05/16 v1.3 Provide unlimited unique counter (HO)
)
Package hobsub Info: Skipping package `hobsub' (already loaded).
Package: letltxmacro 2016/05/16 v1.5 Let assignment for LaTeX macros (HO)
Package: hopatch 2016/05/16 v1.3 Wrapper for package hooks (HO)
Package: xcolor-patch 2016/05/16 xcolor patch
Package: atveryend 2016/05/16 v1.9 Hooks at the very end of document (HO)
Package atveryend Info: \enddocument detected (standard20110627).
Package: atbegshi 2016/06/09 v1.18 At begin shipout hook (HO)
Package: refcount 2016/05/16 v3.5 Data extraction from label references (HO)
Package: hycolor 2016/05/16 v1.8 Color options for hyperref/bookmark (HO)
)
(c:/texlive/2017/texmf-dist/tex/latex/graphics/keyval.sty
Package: keyval 2014/10/28 v1.15 key=value parser (DPC)
\KV@toks@=\toks21
)
(c:/texlive/2017/texmf-dist/tex/generic/ifxetex/ifxetex.sty
Package: ifxetex 2010/09/12 v0.6 Provides ifxetex conditional
)
(c:/texlive/2017/texmf-dist/tex/latex/oberdiek/auxhook.sty
Package: auxhook 2016/05/16 v1.4 Hooks for auxiliary files (HO)
)
(c:/texlive/2017/texmf-dist/tex/latex/oberdiek/kvoptions.sty
Package: kvoptions 2016/05/16 v3.12 Key value format for package options (HO)
)
\@linkdim=\dimen112
\Hy@linkcounter=\count99
\Hy@pagecounter=\count100

(c:/texlive/2017/texmf-dist/tex/latex/hyperref/pd1enc.def
File: pd1enc.def 2018/02/06 v6.86b Hyperref: PDFDocEncoding definition (HO)
)
\Hy@SavedSpaceFactor=\count101

(c:/texlive/2017/texmf-dist/tex/latex/latexconfig/hyperref.cfg
File: hyperref.cfg 2002/06/06 v1.2 hyperref configuration of TeXLive
)
Package hyperref Info: Hyper figures OFF on input line 4509.
Package hyperref Info: Link nesting OFF on input line 4514.
Package hyperref Info: Hyper index ON on input line 4517.
Package hyperref Info: Plain pages OFF on input line 4524.
Package hyperref Info: Backreferencing OFF on input line 4529.
Package hyperref Info: Implicit mode ON; LaTeX internals redefined.
Package hyperref Info: Bookmarks ON on input line 4762.
\c@Hy@tempcnt=\count102

(c:/texlive/2017/texmf-dist/tex/latex/url/url.sty
\Urlmuskip=\muskip11
Package: url 2013/09/16  ver 3.4  Verb mode for urls, etc.
)
LaTeX Info: Redefining \url on input line 5115.
\XeTeXLinkMargin=\dimen113
\Fld@menulength=\count103
\Field@Width=\dimen114
\Fld@charsize=\dimen115
Package hyperref Info: Hyper figures OFF on input line 6369.
Package hyperref Info: Link nesting OFF on input line 6374.
Package hyperref Info: Hyper index ON on input line 6377.
Package hyperref Info: backreferencing OFF on input line 6384.
Package hyperref Info: Link coloring OFF on input line 6389.
Package hyperref Info: Link coloring with OCG OFF on input line 6394.
Package hyperref Info: PDF/A mode OFF on input line 6399.
LaTeX Info: Redefining \ref on input line 6439.
LaTeX Info: Redefining \pageref on input line 6443.
\Hy@abspage=\count104
\c@Item=\count105
\c@Hfootnote=\count106
)
Package hyperref Info: Driver (autodetected): hpdftex.

(c:/texlive/2017/texmf-dist/tex/latex/hyperref/hpdftex.def
File: hpdftex.def 2018/02/06 v6.86b Hyperref driver for pdfTeX
\Fld@listcount=\count107
\c@bookmark@seq@number=\count108

(c:/texlive/2017/texmf-dist/tex/latex/oberdiek/rerunfilecheck.sty
Package: rerunfilecheck 2016/05/16 v1.8 Rerun checks for auxiliary files (HO)
Package uniquecounter Info: New unique counter `rerunfilecheck' on input line 2
82.
)
\Hy@SectionHShift=\skip46
)
(c:/texlive/2017/texmf-dist/tex/latex/pgf/frontendlayer/tikz.sty
(c:/texlive/2017/texmf-dist/tex/latex/pgf/basiclayer/pgf.sty
(c:/texlive/2017/texmf-dist/tex/latex/pgf/utilities/pgfrcs.sty
(c:/texlive/2017/texmf-dist/tex/generic/pgf/utilities/pgfutil-common.tex
\pgfutil@everybye=\toks22
\pgfutil@tempdima=\dimen116
\pgfutil@tempdimb=\dimen117

(c:/texlive/2017/texmf-dist/tex/generic/pgf/utilities/pgfutil-common-lists.tex)
) (c:/texlive/2017/texmf-dist/tex/generic/pgf/utilities/pgfutil-latex.def
\pgfutil@abb=\box28

(c:/texlive/2017/texmf-dist/tex/latex/ms/everyshi.sty
Package: everyshi 2001/05/15 v3.00 EveryShipout Package (MS)
))
(c:/texlive/2017/texmf-dist/tex/generic/pgf/utilities/pgfrcs.code.tex
Package: pgfrcs 2015/08/07 v3.0.1a (rcs-revision 1.31)
))
Package: pgf 2015/08/07 v3.0.1a (rcs-revision 1.15)

(c:/texlive/2017/texmf-dist/tex/latex/pgf/basiclayer/pgfcore.sty
(c:/texlive/2017/texmf-dist/tex/latex/graphics/graphicx.sty
Package: graphicx 2017/06/01 v1.1a Enhanced LaTeX Graphics (DPC,SPQR)

(c:/texlive/2017/texmf-dist/tex/latex/graphics/graphics.sty
Package: graphics 2017/06/25 v1.2c Standard LaTeX Graphics (DPC,SPQR)

(c:/texlive/2017/texmf-dist/tex/latex/graphics/trig.sty
Package: trig 2016/01/03 v1.10 sin cos tan (DPC)
)
(c:/texlive/2017/texmf-dist/tex/latex/graphics-cfg/graphics.cfg
File: graphics.cfg 2016/06/04 v1.11 sample graphics configuration
)
Package graphics Info: Driver file: pdftex.def on input line 99.
)
\Gin@req@height=\dimen118
\Gin@req@width=\dimen119
)
(c:/texlive/2017/texmf-dist/tex/latex/pgf/systemlayer/pgfsys.sty
(c:/texlive/2017/texmf-dist/tex/generic/pgf/systemlayer/pgfsys.code.tex
Package: pgfsys 2014/07/09 v3.0.1a (rcs-revision 1.48)

(c:/texlive/2017/texmf-dist/tex/generic/pgf/utilities/pgfkeys.code.tex
\pgfkeys@pathtoks=\toks23
\pgfkeys@temptoks=\toks24

(c:/texlive/2017/texmf-dist/tex/generic/pgf/utilities/pgfkeysfiltered.code.tex
\pgfkeys@tmptoks=\toks25
))
\pgf@x=\dimen120
\pgf@y=\dimen121
\pgf@xa=\dimen122
\pgf@ya=\dimen123
\pgf@xb=\dimen124
\pgf@yb=\dimen125
\pgf@xc=\dimen126
\pgf@yc=\dimen127
\w@pgf@writea=\write3
\r@pgf@reada=\read2
\c@pgf@counta=\count109
\c@pgf@countb=\count110
\c@pgf@countc=\count111
\c@pgf@countd=\count112
\t@pgf@toka=\toks26
\t@pgf@tokb=\toks27
\t@pgf@tokc=\toks28
 (c:/texlive/2017/texmf-dist/tex/generic/pgf/systemlayer/pgf.cfg
File: pgf.cfg 2008/05/14  (rcs-revision 1.7)
)
Driver file for pgf: pgfsys-pdftex.def

(c:/texlive/2017/texmf-dist/tex/generic/pgf/systemlayer/pgfsys-pdftex.def
File: pgfsys-pdftex.def 2014/10/11  (rcs-revision 1.35)

(c:/texlive/2017/texmf-dist/tex/generic/pgf/systemlayer/pgfsys-common-pdf.def
File: pgfsys-common-pdf.def 2013/10/10  (rcs-revision 1.13)
)))
(c:/texlive/2017/texmf-dist/tex/generic/pgf/systemlayer/pgfsyssoftpath.code.tex
File: pgfsyssoftpath.code.tex 2013/09/09  (rcs-revision 1.9)
\pgfsyssoftpath@smallbuffer@items=\count113
\pgfsyssoftpath@bigbuffer@items=\count114
)
(c:/texlive/2017/texmf-dist/tex/generic/pgf/systemlayer/pgfsysprotocol.code.tex
File: pgfsysprotocol.code.tex 2006/10/16  (rcs-revision 1.4)
)) (c:/texlive/2017/texmf-dist/tex/latex/xcolor/xcolor.sty
Package: xcolor 2016/05/11 v2.12 LaTeX color extensions (UK)

(c:/texlive/2017/texmf-dist/tex/latex/graphics-cfg/color.cfg
File: color.cfg 2016/01/02 v1.6 sample color configuration
)
Package xcolor Info: Driver file: pdftex.def on input line 225.
LaTeX Info: Redefining \color on input line 709.
Package xcolor Info: Model `cmy' substituted by `cmy0' on input line 1348.
Package xcolor Info: Model `hsb' substituted by `rgb' on input line 1352.
Package xcolor Info: Model `RGB' extended on input line 1364.
Package xcolor Info: Model `HTML' substituted by `rgb' on input line 1366.
Package xcolor Info: Model `Hsb' substituted by `hsb' on input line 1367.
Package xcolor Info: Model `tHsb' substituted by `hsb' on input line 1368.
Package xcolor Info: Model `HSB' substituted by `hsb' on input line 1369.
Package xcolor Info: Model `Gray' substituted by `gray' on input line 1370.
Package xcolor Info: Model `wave' substituted by `hsb' on input line 1371.
)
(c:/texlive/2017/texmf-dist/tex/generic/pgf/basiclayer/pgfcore.code.tex
Package: pgfcore 2010/04/11 v3.0.1a (rcs-revision 1.7)

(c:/texlive/2017/texmf-dist/tex/generic/pgf/math/pgfmath.code.tex
(c:/texlive/2017/texmf-dist/tex/generic/pgf/math/pgfmathcalc.code.tex
(c:/texlive/2017/texmf-dist/tex/generic/pgf/math/pgfmathutil.code.tex)
(c:/texlive/2017/texmf-dist/tex/generic/pgf/math/pgfmathparser.code.tex
\pgfmath@dimen=\dimen128
\pgfmath@count=\count115
\pgfmath@box=\box29
\pgfmath@toks=\toks29
\pgfmath@stack@operand=\toks30
\pgfmath@stack@operation=\toks31
)
(c:/texlive/2017/texmf-dist/tex/generic/pgf/math/pgfmathfunctions.code.tex
(c:/texlive/2017/texmf-dist/tex/generic/pgf/math/pgfmathfunctions.basic.code.te
x)
(c:/texlive/2017/texmf-dist/tex/generic/pgf/math/pgfmathfunctions.trigonometric
.code.tex)
(c:/texlive/2017/texmf-dist/tex/generic/pgf/math/pgfmathfunctions.random.code.t
ex)
(c:/texlive/2017/texmf-dist/tex/generic/pgf/math/pgfmathfunctions.comparison.co
de.tex)
(c:/texlive/2017/texmf-dist/tex/generic/pgf/math/pgfmathfunctions.base.code.tex
)
(c:/texlive/2017/texmf-dist/tex/generic/pgf/math/pgfmathfunctions.round.code.te
x)
(c:/texlive/2017/texmf-dist/tex/generic/pgf/math/pgfmathfunctions.misc.code.tex
)
(c:/texlive/2017/texmf-dist/tex/generic/pgf/math/pgfmathfunctions.integerarithm
etics.code.tex)))
(c:/texlive/2017/texmf-dist/tex/generic/pgf/math/pgfmathfloat.code.tex
\c@pgfmathroundto@lastzeros=\count116
))
(c:/texlive/2017/texmf-dist/tex/generic/pgf/basiclayer/pgfcorepoints.code.tex
File: pgfcorepoints.code.tex 2013/10/07  (rcs-revision 1.27)
\pgf@picminx=\dimen129
\pgf@picmaxx=\dimen130
\pgf@picminy=\dimen131
\pgf@picmaxy=\dimen132
\pgf@pathminx=\dimen133
\pgf@pathmaxx=\dimen134
\pgf@pathminy=\dimen135
\pgf@pathmaxy=\dimen136
\pgf@xx=\dimen137
\pgf@xy=\dimen138
\pgf@yx=\dimen139
\pgf@yy=\dimen140
\pgf@zx=\dimen141
\pgf@zy=\dimen142
)
(c:/texlive/2017/texmf-dist/tex/generic/pgf/basiclayer/pgfcorepathconstruct.cod
e.tex
File: pgfcorepathconstruct.code.tex 2013/10/07  (rcs-revision 1.29)
\pgf@path@lastx=\dimen143
\pgf@path@lasty=\dimen144
)
(c:/texlive/2017/texmf-dist/tex/generic/pgf/basiclayer/pgfcorepathusage.code.te
x
File: pgfcorepathusage.code.tex 2014/11/02  (rcs-revision 1.24)
\pgf@shorten@end@additional=\dimen145
\pgf@shorten@start@additional=\dimen146
)
(c:/texlive/2017/texmf-dist/tex/generic/pgf/basiclayer/pgfcorescopes.code.tex
File: pgfcorescopes.code.tex 2015/05/08  (rcs-revision 1.46)
\pgfpic=\box30
\pgf@hbox=\box31
\pgf@layerbox@main=\box32
\pgf@picture@serial@count=\count117
)
(c:/texlive/2017/texmf-dist/tex/generic/pgf/basiclayer/pgfcoregraphicstate.code
.tex
File: pgfcoregraphicstate.code.tex 2014/11/02  (rcs-revision 1.12)
\pgflinewidth=\dimen147
)
(c:/texlive/2017/texmf-dist/tex/generic/pgf/basiclayer/pgfcoretransformations.c
ode.tex
File: pgfcoretransformations.code.tex 2015/08/07  (rcs-revision 1.20)
\pgf@pt@x=\dimen148
\pgf@pt@y=\dimen149
\pgf@pt@temp=\dimen150
)
(c:/texlive/2017/texmf-dist/tex/generic/pgf/basiclayer/pgfcorequick.code.tex
File: pgfcorequick.code.tex 2008/10/09  (rcs-revision 1.3)
)
(c:/texlive/2017/texmf-dist/tex/generic/pgf/basiclayer/pgfcoreobjects.code.tex
File: pgfcoreobjects.code.tex 2006/10/11  (rcs-revision 1.2)
)
(c:/texlive/2017/texmf-dist/tex/generic/pgf/basiclayer/pgfcorepathprocessing.co
de.tex
File: pgfcorepathprocessing.code.tex 2013/09/09  (rcs-revision 1.9)
)
(c:/texlive/2017/texmf-dist/tex/generic/pgf/basiclayer/pgfcorearrows.code.tex
File: pgfcorearrows.code.tex 2015/05/14  (rcs-revision 1.43)
\pgfarrowsep=\dimen151
)
(c:/texlive/2017/texmf-dist/tex/generic/pgf/basiclayer/pgfcoreshade.code.tex
File: pgfcoreshade.code.tex 2013/07/15  (rcs-revision 1.15)
\pgf@max=\dimen152
\pgf@sys@shading@range@num=\count118
)
(c:/texlive/2017/texmf-dist/tex/generic/pgf/basiclayer/pgfcoreimage.code.tex
File: pgfcoreimage.code.tex 2013/07/15  (rcs-revision 1.18)

(c:/texlive/2017/texmf-dist/tex/generic/pgf/basiclayer/pgfcoreexternal.code.tex
File: pgfcoreexternal.code.tex 2014/07/09  (rcs-revision 1.21)
\pgfexternal@startupbox=\box33
))
(c:/texlive/2017/texmf-dist/tex/generic/pgf/basiclayer/pgfcorelayers.code.tex
File: pgfcorelayers.code.tex 2013/07/18  (rcs-revision 1.7)
)
(c:/texlive/2017/texmf-dist/tex/generic/pgf/basiclayer/pgfcoretransparency.code
.tex
File: pgfcoretransparency.code.tex 2013/09/30  (rcs-revision 1.5)
)
(c:/texlive/2017/texmf-dist/tex/generic/pgf/basiclayer/pgfcorepatterns.code.tex
File: pgfcorepatterns.code.tex 2013/11/07  (rcs-revision 1.5)
)))
(c:/texlive/2017/texmf-dist/tex/generic/pgf/modules/pgfmoduleshapes.code.tex
File: pgfmoduleshapes.code.tex 2014/03/21  (rcs-revision 1.35)
\pgfnodeparttextbox=\box34
)
(c:/texlive/2017/texmf-dist/tex/generic/pgf/modules/pgfmoduleplot.code.tex
File: pgfmoduleplot.code.tex 2015/08/03  (rcs-revision 1.13)
)
(c:/texlive/2017/texmf-dist/tex/latex/pgf/compatibility/pgfcomp-version-0-65.st
y
Package: pgfcomp-version-0-65 2007/07/03 v3.0.1a (rcs-revision 1.7)
\pgf@nodesepstart=\dimen153
\pgf@nodesepend=\dimen154
)
(c:/texlive/2017/texmf-dist/tex/latex/pgf/compatibility/pgfcomp-version-1-18.st
y
Package: pgfcomp-version-1-18 2007/07/23 v3.0.1a (rcs-revision 1.1)
)) (c:/texlive/2017/texmf-dist/tex/latex/pgf/utilities/pgffor.sty
(c:/texlive/2017/texmf-dist/tex/latex/pgf/utilities/pgfkeys.sty
(c:/texlive/2017/texmf-dist/tex/generic/pgf/utilities/pgfkeys.code.tex))
(c:/texlive/2017/texmf-dist/tex/latex/pgf/math/pgfmath.sty
(c:/texlive/2017/texmf-dist/tex/generic/pgf/math/pgfmath.code.tex))
(c:/texlive/2017/texmf-dist/tex/generic/pgf/utilities/pgffor.code.tex
Package: pgffor 2013/12/13 v3.0.1a (rcs-revision 1.25)

(c:/texlive/2017/texmf-dist/tex/generic/pgf/math/pgfmath.code.tex)
\pgffor@iter=\dimen155
\pgffor@skip=\dimen156
\pgffor@stack=\toks32
\pgffor@toks=\toks33
))
(c:/texlive/2017/texmf-dist/tex/generic/pgf/frontendlayer/tikz/tikz.code.tex
Package: tikz 2015/08/07 v3.0.1a (rcs-revision 1.151)

(c:/texlive/2017/texmf-dist/tex/generic/pgf/libraries/pgflibraryplothandlers.co
de.tex
File: pgflibraryplothandlers.code.tex 2013/08/31 v3.0.1a (rcs-revision 1.20)
\pgf@plot@mark@count=\count119
\pgfplotmarksize=\dimen157
)
\tikz@lastx=\dimen158
\tikz@lasty=\dimen159
\tikz@lastxsaved=\dimen160
\tikz@lastysaved=\dimen161
\tikzleveldistance=\dimen162
\tikzsiblingdistance=\dimen163
\tikz@figbox=\box35
\tikz@figbox@bg=\box36
\tikz@tempbox=\box37
\tikz@tempbox@bg=\box38
\tikztreelevel=\count120
\tikznumberofchildren=\count121
\tikznumberofcurrentchild=\count122
\tikz@fig@count=\count123

(c:/texlive/2017/texmf-dist/tex/generic/pgf/modules/pgfmodulematrix.code.tex
File: pgfmodulematrix.code.tex 2013/09/17  (rcs-revision 1.8)
\pgfmatrixcurrentrow=\count124
\pgfmatrixcurrentcolumn=\count125
\pgf@matrix@numberofcolumns=\count126
)
\tikz@expandcount=\count127

(c:/texlive/2017/texmf-dist/tex/generic/pgf/frontendlayer/tikz/libraries/tikzli
brarytopaths.code.tex
File: tikzlibrarytopaths.code.tex 2008/06/17 v3.0.1a (rcs-revision 1.2)
)))
(c:/texlive/2017/texmf-dist/tex/generic/pgf/libraries/pgflibraryarrows.meta.cod
e.tex
File: pgflibraryarrows.meta.code.tex 2015/05/13 v3.0.1a (rcs-revision 1.13)
\pgfarrowinset=\dimen164
\pgfarrowlength=\dimen165
\pgfarrowwidth=\dimen166
\pgfarrowlinewidth=\dimen167
)
(c:/texlive/2017/texmf-dist/tex/generic/pgf/frontendlayer/tikz/libraries/tikzli
brarypositioning.code.tex
File: tikzlibrarypositioning.code.tex 2008/10/06 v3.0.1a (rcs-revision 1.7)
)
(c:/texlive/2017/texmf-dist/tex/generic/pgf/frontendlayer/tikz/libraries/tikzli
brarycalc.code.tex
File: tikzlibrarycalc.code.tex 2013/07/15 v3.0.1a (rcs-revision 1.9)
) (c:/texlive/2017/texmf-dist/tex/latex/makecell/makecell.sty
Package: makecell 2009/08/03 V0.1e Managing of Tab Column Heads and Cells
(c:/texlive/2017/texmf-dist/tex/latex/tools/array.sty
Package: array 2016/10/06 v2.4d Tabular extension package (FMi)
\col@sep=\dimen168
\extrarowheight=\dimen169
\NC@list=\toks34
\extratabsurround=\skip47
\backup@length=\skip48
)
\rotheadsize=\dimen170
\c@nlinenum=\count128
\TeXr@lab=\toks35
)
(c:/texlive/2017/texmf-dist/tex/latex/contour/contour.sty
Package: contour 2004/11/18 v2.14 Print contoured text (HH, MH)
\con@length=\skip49

Loading configuration file `contour.cfg'.
(c:/texlive/2017/texmf-dist/tex/latex/contour/contour.cfg
File: contour.cfg 2004/11/18 v2.14 Print contoured text (HH, MH)
)
contour: Using driver file `pdftex.cnt'.
(c:/texlive/2017/texmf-dist/tex/latex/contour/pdftex.cnt
File: pdftex.cnt 2004/11/18 v2.14 Print contoured text (HH, MH)
))
(c:/texlive/2017/texmf-dist/tex/generic/ulem/ulem.sty
\UL@box=\box39
\UL@hyphenbox=\box40
\UL@skip=\skip50
\UL@hook=\toks36
\UL@height=\dimen171
\UL@pe=\count129
\UL@pixel=\dimen172
\ULC@box=\box41
Package: ulem 2012/05/18
\ULdepth=\dimen173
)
(c:/texlive/2017/texmf-dist/tex/latex/soul/soul.sty
Package: soul 2003/11/17 v2.4 letterspacing/underlining (mf)
\SOUL@word=\toks37
\SOUL@lasttoken=\toks38
\SOUL@cmds=\toks39
\SOUL@buffer=\toks40
\SOUL@token=\toks41
\SOUL@spaceskip=\skip51
\SOUL@ttwidth=\dimen174
\SOUL@uldp=\dimen175
\SOUL@ulht=\dimen176
)
(c:/texlive/2017/texmf-dist/tex/latex/enumitem/enumitem.sty
Package: enumitem 2011/09/28 v3.5.2 Customized lists
\labelindent=\skip52
\enit@outerparindent=\dimen177
\enit@toks=\toks42
\enit@inbox=\box42
\enitdp@description=\count130
)
(c:/texlive/2017/texmf-dist/tex/latex/tools/bm.sty
Package: bm 2017/01/16 v1.2c Bold Symbol Support (DPC/FMi)
\symboldoperators=\mathgroup7
\symboldletters=\mathgroup8
\symboldsymbols=\mathgroup9
LaTeX Font Info:    Redeclaring math alphabet \mathbf on input line 141.
LaTeX Info: Redefining \bm on input line 207.
)
(c:/texlive/2017/texmf-dist/tex/latex/mathtools/mathtools.sty
Package: mathtools 2018/01/08 v1.21 mathematical typesetting tools

(c:/texlive/2017/texmf-dist/tex/latex/tools/calc.sty
Package: calc 2014/10/28 v4.3 Infix arithmetic (KKT,FJ)
\calc@Acount=\count131
\calc@Bcount=\count132
\calc@Adimen=\dimen178
\calc@Bdimen=\dimen179
\calc@Askip=\skip53
\calc@Bskip=\skip54
LaTeX Info: Redefining \setlength on input line 80.
LaTeX Info: Redefining \addtolength on input line 81.
\calc@Ccount=\count133
\calc@Cskip=\skip55
)
(c:/texlive/2017/texmf-dist/tex/latex/mathtools/mhsetup.sty
Package: mhsetup 2017/03/31 v1.3 programming setup (MH)
)
LaTeX Info: Thecontrolsequence`\('isalreadyrobust on input line 129.
LaTeX Info: Thecontrolsequence`\)'isalreadyrobust on input line 129.
LaTeX Info: Thecontrolsequence`\['isalreadyrobust on input line 129.
LaTeX Info: Thecontrolsequence`\]'isalreadyrobust on input line 129.
\g_MT_multlinerow_int=\count134
\l_MT_multwidth_dim=\dimen180
\origjot=\skip56
\l_MT_shortvdotswithinadjustabove_dim=\dimen181
\l_MT_shortvdotswithinadjustbelow_dim=\dimen182
\l_MT_above_intertext_sep=\dimen183
\l_MT_below_intertext_sep=\dimen184
\l_MT_above_shortintertext_sep=\dimen185
\l_MT_below_shortintertext_sep=\dimen186
)
(c:/texlive/2017/texmf-dist/tex/latex/amscls/amsthm.sty
Package: amsthm 2017/10/31 v2.20.4
\thm@style=\toks43
\thm@bodyfont=\toks44
\thm@headfont=\toks45
\thm@notefont=\toks46
\thm@headpunct=\toks47
\thm@preskip=\skip57
\thm@postskip=\skip58
\thm@headsep=\skip59
\dth@everypar=\toks48
)
(c:/texlive/2017/texmf-dist/tex/latex/algorithm2e/algorithm2e.sty
Package: algorithm2e 2017/07/18 v5.2 algorithms environments
\c@AlgoLine=\count135

(c:/texlive/2017/texmf-dist/tex/latex/base/ifthen.sty
Package: ifthen 2014/09/29 v1.1c Standard LaTeX ifthen package (DPC)
)
\algocf@hangindent=\skip60

(c:/texlive/2017/texmf-dist/tex/latex/ifoddpage/ifoddpage.sty
Package: ifoddpage 2016/04/23 v1.1 Conditionals for odd/even page detection
\c@checkoddpage=\count136
)
(c:/texlive/2017/texmf-dist/tex/latex/tools/xspace.sty
Package: xspace 2014/10/28 v1.13 Space after command names (DPC,MH)
)
(c:/texlive/2017/texmf-dist/tex/latex/relsize/relsize.sty
Package: relsize 2013/03/29 ver 4.1
)
\skiptotal=\skip61
\skiplinenumber=\skip62
\skiprule=\skip63
\skiphlne=\skip64
\skiptext=\skip65
\skiplength=\skip66
\algomargin=\skip67
\skipalgocfslide=\skip68
\algowidth=\dimen187
\inoutsize=\dimen188
\inoutindent=\dimen189
\interspacetitleruled=\dimen190
\interspacealgoruled=\dimen191
\interspacetitleboxruled=\dimen192
\algocf@ruledwidth=\skip69
\algocf@inoutbox=\box43
\algocf@inputbox=\box44
\AlCapSkip=\skip70
\AlCapHSkip=\skip71
\algoskipindent=\skip72
\algocf@nlbox=\box45
\algocf@hangingbox=\box46
\algocf@untilbox=\box47
\algocf@skipuntil=\skip73
\algocf@capbox=\box48
\algocf@lcaptionbox=\skip74
\algoheightruledefault=\skip75
\algoheightrule=\skip76
\algotitleheightruledefault=\skip77
\algotitleheightrule=\skip78
\c@algocfline=\count137
\c@algocfproc=\count138
\c@algocf=\count139
\algocf@algoframe=\box49
\algocf@algobox=\box50
)
\c@defn=\count140

(./DeveloperManual.aux

LaTeX Warning: Label `addchild' multiply defined.

)
\openout1 = `DeveloperManual.aux'.

LaTeX Font Info:    Checking defaults for OML/cmm/m/it on input line 74.
LaTeX Font Info:    ... okay on input line 74.
LaTeX Font Info:    Checking defaults for T1/cmr/m/n on input line 74.
LaTeX Font Info:    ... okay on input line 74.
LaTeX Font Info:    Checking defaults for OT1/cmr/m/n on input line 74.
LaTeX Font Info:    ... okay on input line 74.
LaTeX Font Info:    Checking defaults for OMS/cmsy/m/n on input line 74.
LaTeX Font Info:    ... okay on input line 74.
LaTeX Font Info:    Checking defaults for OMX/cmex/m/n on input line 74.
LaTeX Font Info:    ... okay on input line 74.
LaTeX Font Info:    Checking defaults for U/cmr/m/n on input line 74.
LaTeX Font Info:    ... okay on input line 74.
LaTeX Font Info:    Checking defaults for PD1/pdf/m/n on input line 74.
LaTeX Font Info:    ... okay on input line 74.
LaTeX Font Info:    Try loading font information for T1+lmr on input line 74.
 (c:/texlive/2017/texmf-dist/tex/latex/lm/t1lmr.fd
File: t1lmr.fd 2009/10/30 v1.6 Font defs for Latin Modern
)
(c:/texlive/2017/texmf-dist/tex/context/base/mkii/supp-pdf.mkii
[Loading MPS to PDF converter (version 2006.09.02).]
\scratchcounter=\count141
\scratchdimen=\dimen193
\scratchbox=\box51
\nofMPsegments=\count142
\nofMParguments=\count143
\everyMPshowfont=\toks49
\MPscratchCnt=\count144
\MPscratchDim=\dimen194
\MPnumerator=\count145
\makeMPintoPDFobject=\count146
\everyMPtoPDFconversion=\toks50
) (c:/texlive/2017/texmf-dist/tex/latex/oberdiek/epstopdf-base.sty
Package: epstopdf-base 2016/05/15 v2.6 Base part for package epstopdf

(c:/texlive/2017/texmf-dist/tex/latex/oberdiek/grfext.sty
Package: grfext 2016/05/16 v1.2 Manage graphics extensions (HO)
)
Package epstopdf-base Info: Redefining graphics rule for `.eps' on input line 4
38.
Package grfext Info: Graphics extension search list:
(grfext)             [.pdf,.png,.jpg,.mps,.jpeg,.jbig2,.jb2,.PDF,.PNG,.JPG,.JPE
G,.JBIG2,.JB2,.eps]
(grfext)             \AppendGraphicsExtensions on input line 456.

(c:/texlive/2017/texmf-dist/tex/latex/latexconfig/epstopdf-sys.cfg
File: epstopdf-sys.cfg 2010/07/13 v1.3 Configuration of (r)epstopdf for TeX Liv
e
))
\AtBeginShipoutBox=\box52
Package hyperref Info: Link coloring OFF on input line 74.

(c:/texlive/2017/texmf-dist/tex/latex/hyperref/nameref.sty
Package: nameref 2016/05/21 v2.44 Cross-referencing by name of section

(c:/texlive/2017/texmf-dist/tex/generic/oberdiek/gettitlestring.sty
Package: gettitlestring 2016/05/16 v1.5 Cleanup title references (HO)
)
\c@section@level=\count147
)
LaTeX Info: Redefining \ref on input line 74.
LaTeX Info: Redefining \pageref on input line 74.
LaTeX Info: Redefining \nameref on input line 74.

(./DeveloperManual.out) (./DeveloperManual.out)
\@outlinefile=\write4
\openout4 = `DeveloperManual.out'.


ABD: EveryShipout initializing macros
LaTeX Font Info:    Try loading font information for OT1+lmr on input line 76.

(c:/texlive/2017/texmf-dist/tex/latex/lm/ot1lmr.fd
File: ot1lmr.fd 2009/10/30 v1.6 Font defs for Latin Modern
)
LaTeX Font Info:    Try loading font information for OML+lmm on input line 76.

(c:/texlive/2017/texmf-dist/tex/latex/lm/omllmm.fd
File: omllmm.fd 2009/10/30 v1.6 Font defs for Latin Modern
)
LaTeX Font Info:    Try loading font information for OMS+lmsy on input line 76.


(c:/texlive/2017/texmf-dist/tex/latex/lm/omslmsy.fd
File: omslmsy.fd 2009/10/30 v1.6 Font defs for Latin Modern
)
LaTeX Font Info:    Try loading font information for OMX+lmex on input line 76.


(c:/texlive/2017/texmf-dist/tex/latex/lm/omxlmex.fd
File: omxlmex.fd 2009/10/30 v1.6 Font defs for Latin Modern
)
LaTeX Font Info:    External font `lmex10' loaded for size
(Font)              <12> on input line 76.
LaTeX Font Info:    External font `lmex10' loaded for size
(Font)              <8> on input line 76.
LaTeX Font Info:    External font `lmex10' loaded for size
(Font)              <6> on input line 76.
LaTeX Font Info:    Try loading font information for U+rsfs on input line 76.

(c:/texlive/2017/texmf-dist/tex/latex/jknapltx/ursfs.fd
File: ursfs.fd 1998/03/24 rsfs font definition file (jk)
)
LaTeX Font Info:    Try loading font information for U+msa on input line 76.

(c:/texlive/2017/texmf-dist/tex/latex/amsfonts/umsa.fd
File: umsa.fd 2013/01/14 v3.01 AMS symbols A
)
LaTeX Font Info:    Try loading font information for U+msb on input line 76.

(c:/texlive/2017/texmf-dist/tex/latex/amsfonts/umsb.fd
File: umsb.fd 2013/01/14 v3.01 AMS symbols B
)
Overfull \hbox (17.0205pt too wide) in paragraph at lines 83--85
\T1/lmr/m/n/10.95 CLVTreeScaper re-quires a CLA-PACK prop-erly in-stalled and l
inked on your ma-chine. CLAPACK-
 []

LaTeX Font Info:    External font `lmex10' loaded for size
(Font)              <10.95> on input line 95.
LaTeX Font Info:    Try loading font information for T1+lmtt on input line 111.

(c:/texlive/2017/texmf-dist/tex/latex/lm/t1lmtt.fd
File: t1lmtt.fd 2009/10/30 v1.6 Font defs for Latin Modern
)
Overfull \hbox (3.46645pt too wide) in paragraph at lines 111--113
[]\T1/lmtt/m/n/10.95 git clone -b zdver https://github.com/TreeScaper/TreeScape
r.git \T1/lmr/m/n/10.95 to build the
 []


Overfull \hbox (63.70778pt too wide) in paragraph at lines 126--131
\T1/lmr/m/n/10.95 de-fault in-stal-la-tion, you need to only mod-ify the OS pos
t-fix name \T1/lmtt/m/n/10.95 PLAT \T1/lmr/m/n/10.95 in \T1/lmtt/m/n/10.95 /CLA
PACK-3.2.1/make.inc\T1/lmr/m/n/10.95 .
 []


Overfull \hbox (33.84575pt too wide) in paragraph at lines 132--137
\T1/lmr/m/n/10.95 the OS post-fix name is con-sis-tent with \T1/lmtt/m/n/10.95 
CLAPACK \T1/lmr/m/n/10.95 set-ting, i.e. \T1/lmtt/m/n/10.95 PLAT \T1/lmr/m/n/10
.95 in \T1/lmtt/m/n/10.95 /CLAPACK-3.2.1/make.inc
 []


Overfull \hbox (240.52196pt too wide) in paragraph at lines 138--139
[]\T1/lmr/m/n/10.95 ===========================================================
================== 
 []


LaTeX Warning: `!h' float specifier changed to `!ht'.


Overfull \hbox (24.51288pt too wide) in paragraph at lines 158--162
\T1/lmr/m/n/10.95 post-fix name of \T1/lmtt/m/n/10.95 lapack_XXX.a \T1/lmr/m/n/
10.95 and \T1/lmtt/m/n/10.95 blas_XXX.a \T1/lmr/m/n/10.95 and mod-ify \T1/lmtt/
m/n/10.95 PLAT \T1/lmr/m/n/10.95 in \T1/lmtt/m/n/10.95 makeCLVTreeScaper.inc 
 []

[1

{c:/texlive/2017/texmf-var/fonts/map/pdftex/updmap/pdftex.map}]
Overfull \hbox (240.52196pt too wide) in paragraph at lines 169--170
[]\T1/lmr/m/n/10.95 ===========================================================
================== 
 []


Overfull \hbox (35.67827pt too wide) in paragraph at lines 176--179
\T1/lmr/m/n/10.95 sure you also move the de-fault pa-ram-e-ters files nldr_para
meters.csv and dimest_parameters.csv
 []


Overfull \hbox (15.80211pt too wide) in paragraph at lines 201--203
[]\T1/lmr/m/n/10.95 If there is no change on CLA-PACK side, which is usu-ally t
he case, run \T1/lmtt/m/n/10.95 make CLVTreeScaper
 []

<imagesForManual/ArgumentList1.jpg, id=86, 636.87938pt x 525.46312pt>
File: imagesForManual/ArgumentList1.jpg Graphic file (type jpg)
<use imagesForManual/ArgumentList1.jpg>
Package pdftex.def Info: imagesForManual/ArgumentList1.jpg  used on input line 
215.
(pdftex.def)             Requested size: 442.65375pt x 365.21585pt.

LaTeX Warning: `!h' float specifier changed to `!ht'.

[2]
Overfull \hbox (11.4962pt too wide) in paragraph at lines 228--231
\T1/lmtt/m/n/10.95 ./CLVTreeScaper -trees -f test.tre -ft trees -r 1 -w 1 -o Co
mmunity -t Affinity
 []

[3 <./imagesForManual/ArgumentList1.jpg>]
<imagesForManual/ArgumentList2.jpg, id=105, 748.29562pt x 469.755pt>
File: imagesForManual/ArgumentList2.jpg Graphic file (type jpg)
<use imagesForManual/ArgumentList2.jpg>
Package pdftex.def Info: imagesForManual/ArgumentList2.jpg  used on input line 
236.
(pdftex.def)             Requested size: 442.65375pt x 277.88417pt.
 [4 <./imagesForManual/ArgumentList2.jpg>]
LaTeX Font Info:    Font shape `T1/lmtt/bx/n' in size <12> not available
(Font)              Font shape `T1/lmtt/b/n' tried instead on input line 248.
LaTeX Font Info:    External font `lmex10' loaded for size
(Font)              <9> on input line 288.
LaTeX Font Info:    External font `lmex10' loaded for size
(Font)              <5> on input line 288.
 [5

] [6

]
Overfull \hbox (40.50551pt too wide) in paragraph at lines 439--440
[]\T1/lmr/m/n/10.95 Note that the ar-gu-ments for man-u-ally tun-ing CD will la
ter be com-bine into a \T1/lmtt/m/n/10.95 parameter_comm.csv\T1/lmr/m/n/10.95 .
 
 []

[7

]
Overfull \hbox (11.25pt too wide) in paragraph at lines 453--454
[]\T1/lmtt/m/n/10.95 ./CLVTreeScaper -trees -f boottrees.nhx -ft Trees -w 1 -r 
0 -o Community -dm
 []


Overfull \hbox (33.12253pt too wide) in paragraph at lines 460--461
[]\T1/lmtt/m/n/10.95 ./CLVTreeScaper -trees -f sub_dir/boottrees.nhx -w 1 -r 0 
-o Dist -dm RF -post
 []


Overfull \hbox (4.37886pt too wide) in paragraph at lines 466--467
[]\T1/lmtt/m/n/10.95 ./CLVTreeScaper -nldr -f sub_dir/Distance_test.out -t DIS 
-d 20 -c CCA -a
 []


Overfull \hbox (33.12253pt too wide) in paragraph at lines 470--471
[]\T1/lmtt/m/n/10.95 ./CLVTreeScaper -aff -f sub_dir/Distance_NLDR_test.out -am
 Rec -post NLDR_test 
 []


Overfull \hbox (21.62506pt too wide) in paragraph at lines 474--475
[]\T1/lmtt/m/n/10.95 ./CLVTreeScaper -comm -f example/Affinity_NLDR_test.out -l
m auto -hf 0.9 -lf
 []


Overfull \hbox (5.50127pt too wide) in paragraph at lines 485--486
[]\T1/lmtt/m/n/10.95 ./CLVTreeScaper -trees -f boottrees.nhx -ft Trees -w 1 -r 
0 -o Community -t
 []


Overfull \hbox (21.62506pt too wide) in paragraph at lines 492--493
[]\T1/lmtt/m/n/10.95 ./CLVTreeScaper -trees -f sub_dir/boottrees.nhx -w 1 -r 0 
-o Cova -post test 
 []


Overfull \hbox (4.37886pt too wide) in paragraph at lines 496--497
[]\T1/lmtt/m/n/10.95 ./CLVTreeScaper -comm -f example/Covariance_test.out -lm a
uto -hf 0.9 -lf
 []

[8]
Underfull \hbox (badness 10000) in paragraph at lines 506--525

 []


Underfull \hbox (badness 10000) in paragraph at lines 506--525

 []


Overfull \hbox (5.46075pt too wide) in paragraph at lines 526--527
[]\T1/lmr/m/n/10.95 It is mul-ti-ple lines of string in-side a an-gle bracket. 
The in-for-ma-tion is stored as \T1/lmtt/m/n/10.95 map<String,
 []

[9]
Overfull \hbox (19.26749pt too wide) in paragraph at lines 586--587
[]\T1/lmr/m/n/10.95 Warning: this im-ple-men-ta-tion is dif-fer-ent than the im
-ple-men-ta-tion of \T1/lmtt/m/n/10.95 String::operator()\T1/lmr/m/n/10.95 ,
 []

[10]

LaTeX Warning: Hyper reference `MatrixResize' on page 11 undefined on input lin
e 613.

contour: Using 16 copies for `\texttt {resize}' on input line 613.

Overfull \hbox (10.55466pt too wide) in paragraph at lines 633--634
[]\T1/lmtt/m/n/10.95 friend Matrix operator*([]S[] value, Matrix<[]T[]> mat) \T
1/lmr/m/n/10.95 or \T1/lmtt/m/n/10.95 (Matrix<[]T[]> mat, []S[] value)\T1/lmr/m
/n/10.95 . 
 []

[11] [12]
contour: Using 16 copies for `\texttt {Matrix}' on input line 698.
contour: Using 16 copies for `\texttt {Matrix}' on input line 699.
[13]

LaTeX Warning: Hyper reference `NLDR' on page 14 undefined on input line 720.

contour: Using 16 copies for `\texttt {NLDR}' on input line 720.

Overfull \hbox (136.50182pt too wide) in paragraph at lines 720--721
[]\T1/lmr/m/n/10.95 Compute the stress that es-ti-mate how good $\OML/lmm/m/it/
10.95 BB[]$ \T1/lmr/m/n/10.95 ap-prox-i-mate $\OML/lmm/m/it/10.95 D[]$ \T1/lmr/
m/n/10.95 by call-ing []|   [][][]::\T1/lmtt/m/n/10.95 CLASSIC_MDS_stress_funct
ion[]\T1/lmr/m/n/10.95 . 
 []


LaTeX Warning: Hyper reference `MatrixResize' on page 14 undefined on input lin
e 743.

contour: Using 16 copies for `\texttt {resize}' on input line 743.

Overfull \hbox (70.3392pt too wide) in paragraph at lines 738--745
[][] 
 []


Overfull \hbox (70.3392pt too wide) in paragraph at lines 748--757
[][] 
 []

[14]
contour: Using 16 copies for `\texttt {NEWICKNODE}' on input line 777.
contour: Using 16 copies for `\texttt {NEWICKNODE}' on input line 778.
contour: Using 16 copies for `\texttt {NEWICKTREE}' on input line 786.
contour: Using 16 copies for `\texttt {loadnewicktree}' on input line 789.
contour: Using 16 copies for `\texttt {NEWICKTREE}' on input line 789.
contour: Using 16 copies for `\texttt {loadnewicktree2}' on input line 790.
contour: Using 16 copies for `\texttt {NEWICKTREE}' on input line 790.
contour: Using 16 copies for `\texttt {floadnewicktree}' on input line 791.
contour: Using 16 copies for `\texttt {NEWICKTREE}' on input line 791.
contour: Using 16 copies for `\texttt {loadnode}' on input line 792.
contour: Using 16 copies for `\texttt {NEWICKTREE}' on input line 792.
contour: Using 16 copies for `\texttt {loadleaf}' on input line 793.
contour: Using 16 copies for `\texttt {NEWICKTREE}' on input line 793.
contour: Using 16 copies for `\texttt {parsetree}' on input line 794.
contour: Using 16 copies for `\texttt {NEWICKTREE}' on input line 794.
contour: Using 16 copies for `\texttt {parsenode}' on input line 795.
contour: Using 16 copies for `\texttt {NEWICKTREE}' on input line 795.
contour: Using 16 copies for `\texttt {parseleaf}' on input line 796.
contour: Using 16 copies for `\texttt {NEWICKTREE}' on input line 796.
contour: Using 16 copies for `\texttt {addchild}' on input line 797.
contour: Using 16 copies for `\texttt {dfs\_compute\_hash}' on input line 798.

Overfull \hbox (3.45035pt too wide) in paragraph at lines 798--798
[]|[][]|   [][][][]| 
 []


Underfull \hbox (badness 1019) in paragraph at lines 798--799
[]|\T1/lmr/m/n/10.95 Assigned hash val-ues to all (sub-
 []

contour: Using 16 copies for `\texttt {bipart}' on input line 799.
contour: Using 16 copies for `\texttt {findleaf}' on input line 800.
contour: Using 16 copies for `NEWICKNODE::\texttt {label}' on input line 800.

Underfull \hbox (badness 10000) in paragraph at lines 800--801
[]|\T1/lmr/m/n/10.95 Find a leaf by the
 []

contour: Using 16 copies for `\texttt {normalizedTree}' on input line 801.
contour: Using 16 copies for `\texttt {newick2lcbb}' on input line 802.
contour: Using 16 copies for `\texttt {NEWICKTREE}' on input line 802.
contour: Using 16 copies for `\texttt {Ptree}' on input line 802.
contour: Using 16 copies for `\texttt {newick2ptree}' on input line 803.
contour: Using 16 copies for `\texttt {newick2lcbb}' on input line 803.
contour: Using 16 copies for `\texttt {sumofdegree}' on input line 804.
contour: Using 16 copies for `\texttt {bipartcount}' on input line 805.
contour: Using 16 copies for `\texttt {Addbipart}' on input line 806.
contour: Using 16 copies for `\texttt {NEWICKTREE}' on input line 813.
contour: Using 16 copies for `\texttt {initialTrees}' on input line 815.
contour: Using 16 copies for `\texttt {ReadTrees}' on input line 816.
contour: Using 16 copies for `\texttt {compute\_numofbipart}' on input line 817
.
contour: Using 16 copies for `\texttt {Compute\_Hash}' on input line 818.

Underfull \hbox (badness 4686) in paragraph at lines 818--819
[]|\T1/lmr/m/n/10.95 Generate hash ta-ble for
 []

contour: Using 16 copies for `\texttt {Compute\_Bipart\_Matrix}' on input line 
819.
contour: Using 16 copies for `\texttt {Compute\_Bipart\_Covariance}' on input l
ine 820.

Overfull \hbox (10.92087pt too wide) in paragraph at lines 820--820
[]|[][]|   [][][][]| 
 []


Underfull \hbox (badness 10000) in paragraph at lines 820--821
[]|\T1/lmr/m/n/10.95 Generate the co-vari-ance
 []


Underfull \hbox (badness 4366) in paragraph at lines 820--821
\T1/lmr/m/n/10.95 ma-trix ac-cord-ing to the
 []

contour: Using 16 copies for `\texttt {Compute\_RF\_dist\_by\_hash}' on input l
ine 821.

Underfull \hbox (badness 1565) in paragraph at lines 821--822
[]|\T1/lmr/m/n/10.95 Generate the RF-distance
 []

contour: Using 16 copies for `\texttt {pttree}' on input line 822.
contour: Using 16 copies for `\texttt {Ptree}' on input line 822.

Underfull \hbox (badness 10000) in paragraph at lines 822--823
[]|\T1/lmr/m/n/10.95 Construct the ad-ja-cency
 []

contour: Using 16 copies for `\texttt {compute\_matrix}' on input line 823.
contour: Using 16 copies for `\texttt {Ptree}' on input line 823.

Underfull \hbox (badness 3019) in paragraph at lines 823--824
\T1/lmr/m/n/10.95 put-ing match-ing dis-tance
 []


Underfull \hbox (badness 2189) in paragraph at lines 823--824
\T1/lmr/m/n/10.95 by ac-cu-mu-lat-ing com-mon
 []

contour: Using 16 copies for `\texttt {Compute\_Matching\_dist}' on input line 
824.
contour: Using 16 copies for `\texttt {Compute\_Affinity\_dist}' on input line 
825.

Underfull \hbox (badness 1127) in paragraph at lines 825--826
[]|\T1/lmr/m/n/10.95 Compute the affin-ity dis-
 []

[15]
contour: Using 16 copies for `\texttt {TreeOPE}' on input line 835.
contour: Using 16 copies for `\texttt {floadnewicktree}' on input line 842.
contour: Using 16 copies for `\texttt {floadnewicktree}' on input line 847.
contour: Using 16 copies for `\texttt {loadnewicktree2}' on input line 849.
[16]
contour: Using 16 copies for `\texttt {TreeOPE}' on input line 856.
contour: Using 16 copies for `\texttt {loadnewicktree}' on input line 862.
contour: Using 16 copies for `\texttt {floadnewicktree}' on input line 862.
contour: Using 16 copies for `\texttt {floadnewicktree}' on input line 867.

Underfull \hbox (badness 2351) in paragraph at lines 867--868
[]|\T1/lmr/m/n/10.95 Implementation by re-cur-
 []

contour: Using 16 copies for `\texttt {parsetree}' on input line 869.
contour: Using 16 copies for `\texttt {TreeOPE}' on input line 877.
contour: Using 16 copies for `\texttt {loadnode}' on input line 883.
contour: Using 16 copies for `\texttt {loadnode}' on input line 888.
contour: Using 16 copies for `\texttt {parsetree}' on input line 890.
[17]
contour: Using 16 copies for `\texttt {TreeOPE}' on input line 897.
contour: Using 16 copies for `\texttt {loadnode}' on input line 903.
contour: Using 16 copies for `\texttt {loadleaf}' on input line 903.

Underfull \hbox (badness 10000) in paragraph at lines 910--911
[]|\T1/lmr/m/n/10.95 Read ad-di-tional in-for-ma-tion
 []

contour: Using 16 copies for `\texttt {TreeOPE}' on input line 919.
contour: Using 16 copies for `\texttt {floadnewicktree}' on input line 925.
contour: Using 16 copies for `\texttt {parsenode}' on input line 930.
contour: Using 16 copies for `\texttt {TreeOPE}' on input line 939.
[18]
contour: Using 16 copies for `\texttt {loadnode}' on input line 945.

Underfull \hbox (badness 10000) in paragraph at lines 952--953
[]|\T1/lmr/m/n/10.95 Read ad-di-tional in-for-ma-tion
 []

contour: Using 16 copies for `\texttt {TreeOPE}' on input line 959.

Underfull \hbox (badness 10000) in paragraph at lines 974--974
[]|\T1/lmtt/m/n/10.95 ( NEWICKNODE* startNode, LabelMap &lm,
 []


Underfull \hbox (badness 10000) in paragraph at lines 974--974
\T1/lmtt/m/n/10.95 HashRFMap &vec_hashrf, unsigned treeIdx,
 []


Underfull \hbox (badness 10000) in paragraph at lines 974--974
\T1/lmtt/m/n/10.95 unsigned &numBitstr, unsigned long long
 []


Underfull \hbox (badness 10000) in paragraph at lines 974--974
\T1/lmtt/m/n/10.95 m1, unsigned long long m2, bool WEIGHTED,
 []


Underfull \hbox (badness 10000) in paragraph at lines 974--974
\T1/lmtt/m/n/10.95 unsigned int NUM_Taxa, map<unsigned long
 []


Underfull \hbox (badness 10000) in paragraph at lines 974--974
\T1/lmtt/m/n/10.95 long, Array<char> *> &hash2bitstr, int
 []


LaTeX Warning: Hyper reference `Array' on page 19 undefined on input line 983.

contour: Using 16 copies for `\texttt {Array}' on input line 983.

Overfull \hbox (9.53363pt too wide) in paragraph at lines 983--983
[]|[]|   [][][]\T1/lmr/m/n/10.95 ::\T1/lmtt/m/n/10.95 SetBitArray[]| 
 []


LaTeX Warning: Hyper reference `Array' on page 19 undefined on input line 984.

contour: Using 16 copies for `\texttt {Array}' on input line 984.
[19]
contour: Using 16 copies for `\texttt {TreeOPE}' on input line 993.

Underfull \hbox (badness 10000) in paragraph at lines 1000--1000
[]|\T1/lmtt/m/n/10.95 (NEWICKNODE *const startnode, unsigned int
 []


Underfull \hbox (badness 10000) in paragraph at lines 1000--1000
\T1/lmtt/m/n/10.95 &treeIdx, unsigned long long *matrix_hv,
 []


Underfull \hbox (badness 10000) in paragraph at lines 1000--1000
\T1/lmtt/m/n/10.95 unsigned int *matrix_treeIdx, double
 []


Underfull \hbox (badness 10000) in paragraph at lines 1000--1000
\T1/lmtt/m/n/10.95 *matrix_weight, int &idx, int depth, bool
 []

[20]
contour: Using 16 copies for `\texttt {TreeOPE}' on input line 1016.

Underfull \hbox (badness 10000) in paragraph at lines 1020--1020
[]|\T1/lmtt/m/n/10.95 (std::string leafname, NEWICKNODE
 []

contour: Using 16 copies for `\texttt {TreeOPE}' on input line 1031.

Underfull \hbox (badness 10000) in paragraph at lines 1035--1035
[]|\T1/lmtt/m/n/10.95 (NEWICKNODE *lrpt, NEWICKTREE *newickTree, int
 []

contour: Using 16 copies for `\texttt {TreeOPE}' on input line 1046.

Underfull \hbox (badness 10000) in paragraph at lines 1050--1050
[]|\T1/lmtt/m/n/10.95 (const NEWICKTREE *nwtree, int num_leaves,
 []

contour: Using 16 copies for `\texttt {NEWICKTREE}' on input line 1052.
contour: Using 16 copies for `\texttt {Ptree}' on input line 1052.
contour: Using 16 copies for `\texttt {newick2lcbb}' on input line 1057.
contour: Using 16 copies for `\texttt {Ptree}' on input line 1059.
contour: Using 16 copies for `\texttt {Ptree}' on input line 1059.
[21]
contour: Using 16 copies for `\texttt {TreeOPE}' on input line 1063.
contour: Using 16 copies for `\texttt {TreeOPE}' on input line 1083.

Underfull \hbox (badness 10000) in paragraph at lines 1087--1087
[]|\T1/lmtt/m/n/10.95 (NEWICKNODE *node, bool isrooted, map<unsigned
 []


Underfull \hbox (badness 10000) in paragraph at lines 1087--1087
\T1/lmtt/m/n/10.95 long long, unsigned long long> &bipcount, int
 []

contour: Using 16 copies for `\texttt {TreeOPE}' on input line 1100.

Underfull \hbox (badness 10000) in paragraph at lines 1104--1104
[]|\T1/lmtt/m/n/10.95 (NEWICKNODE* startNode, double freq, unsigned
 []


Underfull \hbox (badness 10000) in paragraph at lines 1104--1104
\T1/lmtt/m/n/10.95 long long hash, Array<char> &bitstr, int
 []

contour: Using 16 copies for `\texttt {Trees}' on input line 1120.
contour: Using 16 copies for `\texttt {Trees}' on input line 1125.
[22]

LaTeX Warning: Hyper reference `NEWICKEDTREE' on page 23 undefined on input lin
e 1131.

contour: Using 16 copies for `\texttt {NEWICKEDTREE}' on input line 1131.

LaTeX Warning: Hyper reference `loadnewickedtree2' on page 23 undefined on inpu
t line 1131.

contour: Using 16 copies for `\texttt {loadnewickedtree2}' on input line 1131.

Underfull \hbox (badness 10000) in paragraph at lines 1131--1131
[]|\T1/lmr/m/n/10.95 Initialize a set of []|   [][][]s by call-ing
 []

contour: Using 16 copies for `\texttt {loadnewicktree2}' on input line 1136.
contour: Using 16 copies for `\texttt {Trees}' on input line 1146.
contour: Using 16 copies for `\texttt {initialTrees}' on input line 1152.
contour: Using 16 copies for `\texttt {parsetree}' on input line 1152.
contour: Using 16 copies for `\texttt {parsetree}' on input line 1157.
contour: Using 16 copies for `\texttt {normalizedTree}' on input line 1158.
contour: Using 16 copies for `\texttt {Trees}' on input line 1169.

LaTeX Warning: Hyper reference `numberofbipartition' on page 23 undefined on in
put line 1175.

contour: Using 16 copies for `\texttt {numberofbipartition}' on input line 1175
.
contour: Using 16 copies for `\texttt {sumofdegree}' on input line 1180.
contour: Using 16 copies for `\texttt {Trees}' on input line 1184.
contour: Using 16 copies for `\texttt {dfs\_compute\_hash}' on input line 1195.


Overfull \hbox (3.45035pt too wide) in paragraph at lines 1195--1195
[]|[][]|   [][][][]| 
 []

[23]
contour: Using 16 copies for `\texttt {Trees}' on input line 1199.
contour: Using 16 copies for `\texttt {bipart}' on input line 1205.
contour: Using 16 copies for `\texttt {bipart}' on input line 1210.
contour: Using 16 copies for `\texttt {Sort}' on input line 1214.
contour: Using 16 copies for `\texttt {Trees}' on input line 1220.

Underfull \hbox (badness 10000) in paragraph at lines 1224--1224
[]|\T1/lmtt/m/n/10.95 (const double* Vec1, const double* Vec2, int
 []


LaTeX Warning: Hyper reference `SparseMatrix' on page 24 undefined on input lin
e 1233.

contour: Using 16 copies for `\texttt {SparseMatrix}' on input line 1233.

LaTeX Warning: Hyper reference `Multiplyvec' on page 24 undefined on input line
 1233.

contour: Using 16 copies for `\texttt {Multiply\_vec}' on input line 1233.

LaTeX Warning: Hyper reference `Vector' on page 24 undefined on input line 1233
.

contour: Using 16 copies for `\texttt {Vector}' on input line 1233.
contour: Using 16 copies for `\texttt {Trees}' on input line 1237.
contour: Using 16 copies for `\texttt {Compute\_Bipart\_Matrix}' on input line 
1243.

LaTeX Warning: Hyper reference `SparseMatrix' on page 24 undefined on input lin
e 1248.

contour: Using 16 copies for `\texttt {SparseMatrix}' on input line 1248.

LaTeX Warning: Hyper reference `transpose' on page 24 undefined on input line 1
248.

contour: Using 16 copies for `\texttt {transpose}' on input line 1248.

LaTeX Warning: Hyper reference `SparseMatrix' on page 24 undefined on input lin
e 1249.

contour: Using 16 copies for `\texttt {SparseMatrix}' on input line 1249.

LaTeX Warning: Hyper reference `Multiply' on page 24 undefined on input line 12
49.

contour: Using 16 copies for `\texttt {Multiply}' on input line 1249.

Underfull \hbox (badness 10000) in paragraph at lines 1249--1250
[]|\T1/lmr/m/n/10.95 Matrix-Matrix mul-ti-pli-ca-
 []


LaTeX Warning: Hyper reference `SparseMatrix' on page 24 undefined on input lin
e 1250.

contour: Using 16 copies for `\texttt {SparseMatrix}' on input line 1250.

LaTeX Warning: Hyper reference `Mean' on page 24 undefined on input line 1250.

contour: Using 16 copies for `\texttt {Mean}' on input line 1250.

LaTeX Warning: Hyper reference `SparseMatrix' on page 24 undefined on input lin
e 1251.

contour: Using 16 copies for `\texttt {SparseMatrix}' on input line 1251.

LaTeX Warning: Hyper reference `Multiplyvec' on page 24 undefined on input line
 1251.

contour: Using 16 copies for `\texttt {Multiply\_vec}' on input line 1251.

Overfull \hbox (11.25542pt too wide) in paragraph at lines 1251--1251
[]|[]|   [][][]\T1/lmr/m/n/10.95 ::[]|   [][][]| 
 []


Underfull \hbox (badness 10000) in paragraph at lines 1251--1252
[]|\T1/lmr/m/n/10.95 Matrix-vector mul-ti-pli-ca-
 []

contour: Using 16 copies for `\texttt {Trees}' on input line 1252.
contour: Using 16 copies for `\texttt {Vec\_Multiply}' on input line 1252.
[24]
contour: Using 16 copies for `\texttt {Trees}' on input line 1260.
contour: Using 16 copies for `\texttt {Trees}' on input line 1278.
contour: Using 16 copies for `\texttt {Ptree}' on input line 1284.
contour: Using 16 copies for `\texttt {Trees}' on input line 1294.

Underfull \hbox (badness 10000) in paragraph at lines 1298--1298
[]|\T1/lmtt/m/n/10.95 (int *r, int range, struct Ptree *tree1,
 []

[25]
contour: Using 16 copies for `\texttt {Trees}' on input line 1311.
contour: Using 16 copies for `\texttt {compute\_matrix}' on input line 1317.
contour: Using 16 copies for `\texttt {Trees}' on input line 1332.

LaTeX Warning: Hyper reference `Getbipartitionofonetree' on page 26 undefined o
n input line 1343.

contour: Using 16 copies for `\texttt {Get\_bipartitionofonetree}' on input lin
e 1343.

Overfull \hbox (49.44022pt too wide) in paragraph at lines 1343--1343
[]|[]|   [][][]| 
 []

contour: Using 16 copies for `\texttt {Trees}' on input line 1351.

Underfull \hbox (badness 5147) in paragraph at lines 1357--1357
\T1/lmr/m/n/10.95 depending on the flag \T1/lmtt/m/n/10.95 type\T1/lmr/m/n/10.9
5 . It ac-cepts un-
 []


Underfull \hbox (badness 7433) in paragraph at lines 1357--1357
\T1/lmr/m/n/10.95 weighted/weighted RF-distance, Matching-distance,
 []

contour: Using 16 copies for `\texttt {Trees}' on input line 1367.
[26] [27]
Package atveryend Info: Empty hook `BeforeClearDocument' on input line 1390.
Package atveryend Info: Empty hook `AfterLastShipout' on input line 1390.
 (./DeveloperManual.aux)
Package atveryend Info: Executing hook `AtVeryEndDocument' on input line 1390.
Package atveryend Info: Executing hook `AtEndAfterFileList' on input line 1390.

Package rerunfilecheck Info: File `DeveloperManual.out' has not changed.
(rerunfilecheck)             Checksum: D0A6162125C9BF321168EE7A3E63F90E;1023.


LaTeX Warning: There were undefined references.


LaTeX Warning: There were multiply-defined labels.

Package atveryend Info: Empty hook `AtVeryVeryEnd' on input line 1390.
 ) 
Here is how much of TeX's memory you used:
 19306 strings out of 492982
 352516 string characters out of 6136241
 482661 words of memory out of 5000000
 22321 multiletter control sequences out of 15000+600000
 82925 words of font info for 86 fonts, out of 8000000 for 9000
 1141 hyphenation exceptions out of 8191
 55i,16n,65p,665b,479s stack positions out of 5000i,500n,10000p,200000b,80000s
pdfTeX warning (dest): name{Hfootnote.6} has been referenced but does not exi
st, replaced by a fixed one

pdfTeX warning (dest): name{Hfootnote.5} has been referenced but does not exist
, replaced by a fixed one

pdfTeX warning (dest): name{Hfootnote.4} has been referenced but does not exist
, replaced by a fixed one

pdfTeX warning (dest): name{Hfootnote.3} has been referenced but does not exist
, replaced by a fixed one

pdfTeX warning (dest): name{Hfootnote.2} has been referenced but does not exist
, replaced by a fixed one

pdfTeX warning (dest): name{Hfootnote.1} has been referenced but does not exist
, replaced by a fixed one

{c:/texlive/2017/texmf-dist/fonts/enc/dvips/lm/lm-rm.enc}{c:/texlive/2017/texmf
-dist/fonts/enc/dvips/lm/lm-mathsy.enc}{c:/texlive/2017/texmf-dist/fonts/enc/dv
ips/lm/lm-mathex.enc}{c:/texlive/2017/texmf-dist/fonts/enc/dvips/lm/lm-mathit.e
nc}{c:/texlive/2017/texmf-dist/fonts/enc/dvips/lm/lm-ec.enc}<c:/texlive/2017/te
xmf-dist/fonts/type1/public/lm/lmbx10.pfb><c:/texlive/2017/texmf-dist/fonts/typ
e1/public/lm/lmbx12.pfb><c:/texlive/2017/texmf-dist/fonts/type1/public/lm/lmex1
0.pfb><c:/texlive/2017/texmf-dist/fonts/type1/public/lm/lmmi10.pfb><c:/texlive/
2017/texmf-dist/fonts/type1/public/lm/lmmi6.pfb><c:/texlive/2017/texmf-dist/fon
ts/type1/public/lm/lmmi8.pfb><c:/texlive/2017/texmf-dist/fonts/type1/public/lm/
lmr10.pfb><c:/texlive/2017/texmf-dist/fonts/type1/public/lm/lmr12.pfb><c:/texli
ve/2017/texmf-dist/fonts/type1/public/lm/lmr17.pfb><c:/texlive/2017/texmf-dist/
fonts/type1/public/lm/lmr6.pfb><c:/texlive/2017/texmf-dist/fonts/type1/public/l
m/lmr8.pfb><c:/texlive/2017/texmf-dist/fonts/type1/public/lm/lmsy10.pfb><c:/tex
live/2017/texmf-dist/fonts/type1/public/lm/lmsy6.pfb><c:/texlive/2017/texmf-dis
t/fonts/type1/public/lm/lmsy8.pfb><c:/texlive/2017/texmf-dist/fonts/type1/publi
c/lm/lmtk10.pfb><c:/texlive/2017/texmf-dist/fonts/type1/public/lm/lmtt10.pfb><c
:/texlive/2017/texmf-dist/fonts/type1/public/amsfonts/symbols/msbm10.pfb>
Output written on DeveloperManual.pdf (27 pages, 515868 bytes).
PDF statistics:
 530 PDF objects out of 1000 (max. 8388607)
 477 compressed objects within 5 object streams
 141 named destinations out of 1000 (max. 500000)
 151 words of extra memory for PDF output out of 10000 (max. 10000000)

